{"numTotalTestSuites":118,"numPassedTestSuites":118,"numFailedTestSuites":0,"numPendingTestSuites":0,"numTotalTests":113,"numPassedTests":85,"numFailedTests":28,"numPendingTests":0,"numTodoTests":0,"startTime":1760473520662,"success":false,"testResults":[{"assertionResults":[{"ancestorTitles":["","a11y smoke"],"fullName":" a11y smoke toggles risk mode buttons with aria-pressed state","status":"failed","title":"toggles risk mode buttons with aria-pressed state","duration":205,"failureMessages":["Unable to find an element with the text: Legacy. This could be because the text is broken up by multiple elements. In this case, you can provide a function for your text matcher to make your matcher more flexible.\n\nIgnored nodes: comments, script, style\n\u001b[36m<body>\u001b[39m\n  \u001b[36m<div>\u001b[39m\n    \u001b[36m<div\u001b[39m\n      \u001b[33mclass\u001b[39m=\u001b[32m\"min-h-screen bg-slate-950 text-slate-100\"\u001b[39m\n    \u001b[36m>\u001b[39m\n      \u001b[36m<main\u001b[39m\n        \u001b[33mclass\u001b[39m=\u001b[32m\"mx-auto max-w-[1600px] px-4 xl:grid xl:grid-cols-[minmax(0,1fr)_420px] xl:gap-6 items-start\"\u001b[39m\n      \u001b[36m>\u001b[39m\n        \u001b[36m<div\u001b[39m\n          \u001b[33maria-label\u001b[39m=\u001b[32m\"Left column\"\u001b[39m\n          \u001b[33mclass\u001b[39m=\u001b[32m\"min-w-0 space-y-6\"\u001b[39m\n          \u001b[33mdata-testid\u001b[39m=\u001b[32m\"left-col\"\u001b[39m\n        \u001b[36m>\u001b[39m\n          \u001b[36m<section\u001b[39m\n            \u001b[33maria-label\u001b[39m=\u001b[32m\"Zloženie portfólia\"\u001b[39m\n            \u001b[33mclass\u001b[39m=\u001b[32m\"w-full min-w-0 overflow-hidden rounded-2xl ring-1 ring-white/5 bg-slate-900/60 p-4 md:p-5\"\u001b[39m\n          \u001b[36m>\u001b[39m\n            \u001b[36m<header\u001b[39m\n              \u001b[33mclass\u001b[39m=\u001b[32m\"mb-3 font-semibold\"\u001b[39m\n            \u001b[36m>\u001b[39m\n              \u001b[0mZloženie portfólia\u001b[0m\n            \u001b[36m</header>\u001b[39m\n            \u001b[36m<div\u001b[39m\n              \u001b[33mclass\u001b[39m=\u001b[32m\"flex flex-wrap items-center gap-2 mb-4\"\u001b[39m\n            \u001b[36m>\u001b[39m\n              \u001b[36m<button\u001b[39m\n                \u001b[33maria-label\u001b[39m=\u001b[32m\"Použiť vybraný mix (inline)\"\u001b[39m\n                \u001b[33mclass\u001b[39m=\u001b[32m\"px-3 py-2 rounded bg-slate-800\"\u001b[39m\n              \u001b[36m>\u001b[39m\n                \u001b[0mPoužiť vybraný mix (inline)\u001b[0m\n              \u001b[36m</button>\u001b[39m\n              \u001b[36m<button\u001b[39m\n                \u001b[33mclass\u001b[39m=\u001b[32m\"px-3 py-2 rounded bg-slate-800\"\u001b[39m\n              \u001b[36m>\u001b[39m\n                \u001b[0mReset\u001b[0m\n              \u001b[36m</button>\u001b[39m\n            \u001b[36m</div>\u001b[39m\n            \u001b[36m<div\u001b[39m\n              \u001b[33maria-label\u001b[39m=\u001b[32m\"Insights\"\u001b[39m\n              \u001b[33mclass\u001b[39m=\u001b[32m\"space-y-2\"\u001b[39m\n            \u001b[36m>\u001b[39m\n              \u001b[36m<button\u001b[39m\n                \u001b[33maria-label\u001b[39m=\u001b[32m\"Insight: Gold 12 %\"\u001b[39m\n                \u001b[33mclass\u001b[39m=\u001b[32m\"rounded bg-amber-500/10 px-3 py-2 ring-1 ring-amber-500/30\"\u001b[39m\n                \u001b[33mdata-testid\u001b[39m=\u001b[32m\"insight-gold-12\"\u001b[39m\n              \u001b[36m>\u001b[39m\n                \u001b[0mGold 12 % (odporúčanie)\u001b[0m\n              \u001b[36m</button>\u001b[39m\n            \u001b[36m</div>\u001b[39m\n            \u001b[36m<div\u001b[39m\n              \u001b[33mclass\u001b[39m=\u001b[32m\"mt-4 grid gap-3\"\u001b[39m\n            \u001b[36m>\u001b[39m\n              \u001b[36m<div\u001b[39m\n                \u001b[33mclass\u001b[39m=\u001b[32m\"grid grid-cols-[auto_1fr_auto] items-center gap-3\"\u001b[39m\n              \u001b[36m>\u001b[39m\n                \u001b[36m<label\u001b[39m\n                  \u001b[33mfor\u001b[39m=\u001b[32m\"mix-gold\"\u001b[39m\n                \u001b[36m>\u001b[39m\n                  \u001b[0mZlato (fyzické)\u001b[0m\n                \u001b[36m</label>\u001b[39m\n                \u001b[36m<input\u001b[39m\n                  \u001b[33maria-label\u001b[39m=\u001b[32m\"Zlato (fyzické)\"\u001b[39m\n                  \u001b[33mclass\u001b[39m=\u001b[32m\"\"\u001b[39m\n                  \u001b[33mdata-testid\u001b[39m=\u001b[32m\"slider-gold\"\u001b[39m\n                  \u001b[33mid\u001b[39m=\u001b[32m\"mix-gold\"\u001b[39m\n                  \u001b[33mmax\u001b[39m=\u001b[32m\"40\"\u001b[39m\n                  \u001b[33mmin\u001b[39m=\u001b[32m\"0\"\u001b[39m\n                  \u001b[33mrole\u001b[39m=\u001b[32m\"slider\"\u001b[39m\n                  \u001b[33mtype\u001b[39m=\u001b[32m\"range\"\u001b[39m\n                  \u001b[33mvalue\u001b[39m=\u001b[32m\"5\"\u001b[39m\n                \u001b[36m/>\u001b[39m\n                \u001b[36m<span\u001b[39m\n                  \u001b[33mclass\u001b[39m=\u001b[32m\"tabular-nums\"\u001b[39m\n                \u001b[36m>\u001b[39m\n                  \u001b[0m5\u001b[0m\n                  \u001b[0m%\u001b[0m\n                \u001b[36m</span>\u001b[39m\n              \u001b[36m</div>\u001b[39m\n              \u001b[36m<div\u001b[39m\n                \u001b[33mclass\u001b[39m=\u001b[32m\"grid grid-cols-[auto_1fr_auto] items-center gap-3\"\u001b[39m\n              \u001b[36m>\u001b[39m\n                \u001b[36m<label\u001b[39m\n                  \u001b[33mfor\u001b[39m=\u001b[32m\"mix-gold-number\"\u001b[39m\n                \u001b[36m>\u001b[39m\n                  \u001b[0mZlato %\u001b[0m\n                \u001b[36m</label>\u001b[39m\n                \u001b[36m<input\u001b[39m\n                  \u001b[33maria-label\u001b[39m=\u001b[32m\"Zlato percentá\"\u001b[39m\n                  \u001b[33mclass\u001b[39m=\u001b[32m\"w-full bg-slate-800 rounded px-2 py-1 text-sm\"\u001b[39m\n                  \u001b[33mdata-testid\u001b[39m=\u001b[32m\"input-gold-number\"\u001b[39m\n                  \u001b[33mid\u001b[39m=\u001b[32m\"mix-gold-number\"\u001b[39m\n                  \u001b[33mmax\u001b[39m=\u001b[32m\"40\"\u001b[39m\n                  \u001b[33mmin\u001b[39m=\u001b[32m\"0\"\u001b[39m\n                  \u001b[33mtype\u001b[39m=\u001b[32m\"number\"\u001b[39m\n                  \u001b[33mvalue\u001b[39m=\u001b[32m\"5\"\u001b[39m\n                \u001b[36m/>\u001b[39m\n                \u001b[36m<span\u001b[39m\n                  \u001b[33mclass\u001b[39m=\u001b[32m\"text-xs text-slate-400\"\u001b[39m\n                \u001b[36m>\u001b[39m\n                  \u001b[0m%\u001b[0m\n                \u001b[36m</span>\u001b[39m\n              \u001b[36m</div>\u001b[39m\n            \u001b[36m</div>\u001b[39m\n            \u001b[36m<div\u001b[39m\n              \u001b[33maria-label\u001b[39m=\u001b[32m\"Scenario chips\"\u001b[39m\n              \u001b[33mclass\u001b[39m=\u001b[32m\"mt-6 space-y-2\"\u001b[39m\n            \u001b[36m>\u001b[39m\n              \u001b[36m<div\u001b[39m\n                \u001b[33mclass\u001b[39m=\u001b[32m\"flex flex-wrap gap-2\"\u001b[39m\n              \u001b[36m>\u001b[39m\n                \u001b[36m<button\u001b[39m\n                  \u001b[33maria-pressed\u001b[39m=\u001b[32m\"false\"\u001b[39m\n                  \u001b[33mclass\u001b[39m=\u001b[32m\"px-2 py-1 rounded border text-xs transition-colors bg-slate-600/20 border-slate-500/40 text-slate-200 \"\u001b[39m\n                  \u001b[33mtype\u001b[39m=\u001b[32m\"button\"\u001b[39m\n                \u001b[36m>\u001b[39m\n                  \u001b[0m−20 %\u001b[0m\n                \u001b[36m</button>\u001b[39m\n                \u001b[36m<button\u001b[39m\n                  \u001b[33maria-pressed\u001b[39m=\u001b[32m\"false\"\u001b[39m\n                  \u001b[33mclass\u001b[39m=\u001b[32m\"px-2 py-1 rounded border text-xs transition-colors bg-slate-600/20 border-slate-500/40 text-slate-200 \"\u001b[39m\n                  \u001b[33mtype\u001b[39m=\u001b[32m\"button\"\u001b[39m\n                \u001b[36m>\u001b[39m\n                  \u001b[0m+10 %\u001b[0m\n                \u001b[36m</button>\u001b[39m\n                \u001b[36m<button\u001b[39m\n                  \u001b[33maria-pressed\u001b[39m=\u001b[32m\"false\"\u001b[39m\n                  \u001b[33mclass\u001b[39m=\u001b[32m\"px-2 py-1 rounded border text-xs transition-colors bg-slate-600/20 border-slate-500/40 text-slate-200 \"\u001b[39m\n                  \u001b[33mtype\u001b[39m=\u001b[32m\"button\"\u001b[39m\n                \u001b[36m>\u001b[39m\n                  \u001b[0mInflácia 6 %\u001b[0m\n                \u001b[36m</button>\u001b[39m\n              \u001b[36m</div>\u001b[39m\n            \u001b[36m</div>\u001b[39m\n          \u001b[36m</section>\u001b[39m\n          \u001b[36m<div\u001b[39m\n            \u001b[33mclass\u001b[39m=\u001b[32m\"grid grid-cols-1 xl:grid-cols-2 gap-6 items-start\"\u001b[39m\n          \u001b[36m>\u001b[39m\n            \u001b[36m<section\u001b[39m\n              \u001b[33mclass\u001b[39m=\u001b[32m\"w-full h-full min-w-0 overflow-hidden rounded-2xl ring-1 ring-white/5 bg-slate-900/60 p-4 md:p-5\"\u001b[39m\n            \u001b[36m>\u001b[39m\n              \u001b[36m<header\u001b[39m\n                \u001b[33mclass\u001b[39m=\u001b[32m\"mb-3 font-semibold\"\u001b[39m\n              \u001b[36m>\u001b[39m\n                \u001b[0mCashflow & rezerva\u001b[0m\n              \u001b[36m</header>\u001b[39m\n              \u001b[36m<div\u001b[39m\n                \u001b[33mclass\u001b[39m=\u001b[32m\"space-y-3\"\u001b[39m\n              \u001b[36m>\u001b[39m\n                \u001b[36m<button\u001b[39m\n                  \u001b[33maria-label\u001b[39m=\u001b[32m\"Nastaviť mesačný vklad na 100 €\"\u001b[39m\n                  \u001b[33mclass\u001b[39m=\u001b[32m\"px-3 py-2 rounded bg-slate-800 text-xs\"\u001b[39m\n                  \u001b[33mtype\u001b[39m=\u001b[32m\"button\"\u001b[39m\n                \u001b[36m..."],"location":{"line":37,"column":19}},{"ancestorTitles":["","a11y smoke"],"fullName":" a11y smoke opens notes dialog with proper aria attributes","status":"failed","title":"opens notes dialog with proper aria attributes","duration":84,"failureMessages":["Unable to find an element with the text: Zobraziť viac. This could be because the text is broken up by multiple elements. In this case, you can provide a function for your text matcher to make your matcher more flexible.\n\nIgnored nodes: comments, script, style\n\u001b[36m<body>\u001b[39m\n  \u001b[36m<div>\u001b[39m\n    \u001b[36m<div\u001b[39m\n      \u001b[33mclass\u001b[39m=\u001b[32m\"min-h-screen bg-slate-950 text-slate-100\"\u001b[39m\n    \u001b[36m>\u001b[39m\n      \u001b[36m<main\u001b[39m\n        \u001b[33mclass\u001b[39m=\u001b[32m\"mx-auto max-w-[1600px] px-4 xl:grid xl:grid-cols-[minmax(0,1fr)_420px] xl:gap-6 items-start\"\u001b[39m\n      \u001b[36m>\u001b[39m\n        \u001b[36m<div\u001b[39m\n          \u001b[33maria-label\u001b[39m=\u001b[32m\"Left column\"\u001b[39m\n          \u001b[33mclass\u001b[39m=\u001b[32m\"min-w-0 space-y-6\"\u001b[39m\n          \u001b[33mdata-testid\u001b[39m=\u001b[32m\"left-col\"\u001b[39m\n        \u001b[36m>\u001b[39m\n          \u001b[36m<section\u001b[39m\n            \u001b[33maria-label\u001b[39m=\u001b[32m\"Zloženie portfólia\"\u001b[39m\n            \u001b[33mclass\u001b[39m=\u001b[32m\"w-full min-w-0 overflow-hidden rounded-2xl ring-1 ring-white/5 bg-slate-900/60 p-4 md:p-5\"\u001b[39m\n          \u001b[36m>\u001b[39m\n            \u001b[36m<header\u001b[39m\n              \u001b[33mclass\u001b[39m=\u001b[32m\"mb-3 font-semibold\"\u001b[39m\n            \u001b[36m>\u001b[39m\n              \u001b[0mZloženie portfólia\u001b[0m\n            \u001b[36m</header>\u001b[39m\n            \u001b[36m<div\u001b[39m\n              \u001b[33mclass\u001b[39m=\u001b[32m\"flex flex-wrap items-center gap-2 mb-4\"\u001b[39m\n            \u001b[36m>\u001b[39m\n              \u001b[36m<button\u001b[39m\n                \u001b[33maria-label\u001b[39m=\u001b[32m\"Použiť vybraný mix (inline)\"\u001b[39m\n                \u001b[33mclass\u001b[39m=\u001b[32m\"px-3 py-2 rounded bg-slate-800\"\u001b[39m\n              \u001b[36m>\u001b[39m\n                \u001b[0mPoužiť vybraný mix (inline)\u001b[0m\n              \u001b[36m</button>\u001b[39m\n              \u001b[36m<button\u001b[39m\n                \u001b[33mclass\u001b[39m=\u001b[32m\"px-3 py-2 rounded bg-slate-800\"\u001b[39m\n              \u001b[36m>\u001b[39m\n                \u001b[0mReset\u001b[0m\n              \u001b[36m</button>\u001b[39m\n            \u001b[36m</div>\u001b[39m\n            \u001b[36m<div\u001b[39m\n              \u001b[33maria-label\u001b[39m=\u001b[32m\"Insights\"\u001b[39m\n              \u001b[33mclass\u001b[39m=\u001b[32m\"space-y-2\"\u001b[39m\n            \u001b[36m>\u001b[39m\n              \u001b[36m<button\u001b[39m\n                \u001b[33maria-label\u001b[39m=\u001b[32m\"Insight: Gold 12 %\"\u001b[39m\n                \u001b[33mclass\u001b[39m=\u001b[32m\"rounded bg-amber-500/10 px-3 py-2 ring-1 ring-amber-500/30\"\u001b[39m\n                \u001b[33mdata-testid\u001b[39m=\u001b[32m\"insight-gold-12\"\u001b[39m\n              \u001b[36m>\u001b[39m\n                \u001b[0mGold 12 % (odporúčanie)\u001b[0m\n              \u001b[36m</button>\u001b[39m\n            \u001b[36m</div>\u001b[39m\n            \u001b[36m<div\u001b[39m\n              \u001b[33mclass\u001b[39m=\u001b[32m\"mt-4 grid gap-3\"\u001b[39m\n            \u001b[36m>\u001b[39m\n              \u001b[36m<div\u001b[39m\n                \u001b[33mclass\u001b[39m=\u001b[32m\"grid grid-cols-[auto_1fr_auto] items-center gap-3\"\u001b[39m\n              \u001b[36m>\u001b[39m\n                \u001b[36m<label\u001b[39m\n                  \u001b[33mfor\u001b[39m=\u001b[32m\"mix-gold\"\u001b[39m\n                \u001b[36m>\u001b[39m\n                  \u001b[0mZlato (fyzické)\u001b[0m\n                \u001b[36m</label>\u001b[39m\n                \u001b[36m<input\u001b[39m\n                  \u001b[33maria-label\u001b[39m=\u001b[32m\"Zlato (fyzické)\"\u001b[39m\n                  \u001b[33mclass\u001b[39m=\u001b[32m\"\"\u001b[39m\n                  \u001b[33mdata-testid\u001b[39m=\u001b[32m\"slider-gold\"\u001b[39m\n                  \u001b[33mid\u001b[39m=\u001b[32m\"mix-gold\"\u001b[39m\n                  \u001b[33mmax\u001b[39m=\u001b[32m\"40\"\u001b[39m\n                  \u001b[33mmin\u001b[39m=\u001b[32m\"0\"\u001b[39m\n                  \u001b[33mrole\u001b[39m=\u001b[32m\"slider\"\u001b[39m\n                  \u001b[33mtype\u001b[39m=\u001b[32m\"range\"\u001b[39m\n                  \u001b[33mvalue\u001b[39m=\u001b[32m\"5\"\u001b[39m\n                \u001b[36m/>\u001b[39m\n                \u001b[36m<span\u001b[39m\n                  \u001b[33mclass\u001b[39m=\u001b[32m\"tabular-nums\"\u001b[39m\n                \u001b[36m>\u001b[39m\n                  \u001b[0m5\u001b[0m\n                  \u001b[0m%\u001b[0m\n                \u001b[36m</span>\u001b[39m\n              \u001b[36m</div>\u001b[39m\n              \u001b[36m<div\u001b[39m\n                \u001b[33mclass\u001b[39m=\u001b[32m\"grid grid-cols-[auto_1fr_auto] items-center gap-3\"\u001b[39m\n              \u001b[36m>\u001b[39m\n                \u001b[36m<label\u001b[39m\n                  \u001b[33mfor\u001b[39m=\u001b[32m\"mix-gold-number\"\u001b[39m\n                \u001b[36m>\u001b[39m\n                  \u001b[0mZlato %\u001b[0m\n                \u001b[36m</label>\u001b[39m\n                \u001b[36m<input\u001b[39m\n                  \u001b[33maria-label\u001b[39m=\u001b[32m\"Zlato percentá\"\u001b[39m\n                  \u001b[33mclass\u001b[39m=\u001b[32m\"w-full bg-slate-800 rounded px-2 py-1 text-sm\"\u001b[39m\n                  \u001b[33mdata-testid\u001b[39m=\u001b[32m\"input-gold-number\"\u001b[39m\n                  \u001b[33mid\u001b[39m=\u001b[32m\"mix-gold-number\"\u001b[39m\n                  \u001b[33mmax\u001b[39m=\u001b[32m\"40\"\u001b[39m\n                  \u001b[33mmin\u001b[39m=\u001b[32m\"0\"\u001b[39m\n                  \u001b[33mtype\u001b[39m=\u001b[32m\"number\"\u001b[39m\n                  \u001b[33mvalue\u001b[39m=\u001b[32m\"5\"\u001b[39m\n                \u001b[36m/>\u001b[39m\n                \u001b[36m<span\u001b[39m\n                  \u001b[33mclass\u001b[39m=\u001b[32m\"text-xs text-slate-400\"\u001b[39m\n                \u001b[36m>\u001b[39m\n                  \u001b[0m%\u001b[0m\n                \u001b[36m</span>\u001b[39m\n              \u001b[36m</div>\u001b[39m\n            \u001b[36m</div>\u001b[39m\n            \u001b[36m<div\u001b[39m\n              \u001b[33maria-label\u001b[39m=\u001b[32m\"Scenario chips\"\u001b[39m\n              \u001b[33mclass\u001b[39m=\u001b[32m\"mt-6 space-y-2\"\u001b[39m\n            \u001b[36m>\u001b[39m\n              \u001b[36m<div\u001b[39m\n                \u001b[33mclass\u001b[39m=\u001b[32m\"flex flex-wrap gap-2\"\u001b[39m\n              \u001b[36m>\u001b[39m\n                \u001b[36m<button\u001b[39m\n                  \u001b[33maria-pressed\u001b[39m=\u001b[32m\"false\"\u001b[39m\n                  \u001b[33mclass\u001b[39m=\u001b[32m\"px-2 py-1 rounded border text-xs transition-colors bg-slate-600/20 border-slate-500/40 text-slate-200 \"\u001b[39m\n                  \u001b[33mtype\u001b[39m=\u001b[32m\"button\"\u001b[39m\n                \u001b[36m>\u001b[39m\n                  \u001b[0m−20 %\u001b[0m\n                \u001b[36m</button>\u001b[39m\n                \u001b[36m<button\u001b[39m\n                  \u001b[33maria-pressed\u001b[39m=\u001b[32m\"false\"\u001b[39m\n                  \u001b[33mclass\u001b[39m=\u001b[32m\"px-2 py-1 rounded border text-xs transition-colors bg-slate-600/20 border-slate-500/40 text-slate-200 \"\u001b[39m\n                  \u001b[33mtype\u001b[39m=\u001b[32m\"button\"\u001b[39m\n                \u001b[36m>\u001b[39m\n                  \u001b[0m+10 %\u001b[0m\n                \u001b[36m</button>\u001b[39m\n                \u001b[36m<button\u001b[39m\n                  \u001b[33maria-pressed\u001b[39m=\u001b[32m\"false\"\u001b[39m\n                  \u001b[33mclass\u001b[39m=\u001b[32m\"px-2 py-1 rounded border text-xs transition-colors bg-slate-600/20 border-slate-500/40 text-slate-200 \"\u001b[39m\n                  \u001b[33mtype\u001b[39m=\u001b[32m\"button\"\u001b[39m\n                \u001b[36m>\u001b[39m\n                  \u001b[0mInflácia 6 %\u001b[0m\n                \u001b[36m</button>\u001b[39m\n              \u001b[36m</div>\u001b[39m\n            \u001b[36m</div>\u001b[39m\n          \u001b[36m</section>\u001b[39m\n          \u001b[36m<div\u001b[39m\n            \u001b[33mclass\u001b[39m=\u001b[32m\"grid grid-cols-1 xl:grid-cols-2 gap-6 items-start\"\u001b[39m\n          \u001b[36m>\u001b[39m\n            \u001b[36m<section\u001b[39m\n              \u001b[33mclass\u001b[39m=\u001b[32m\"w-full h-full min-w-0 overflow-hidden rounded-2xl ring-1 ring-white/5 bg-slate-900/60 p-4 md:p-5\"\u001b[39m\n            \u001b[36m>\u001b[39m\n              \u001b[36m<header\u001b[39m\n                \u001b[33mclass\u001b[39m=\u001b[32m\"mb-3 font-semibold\"\u001b[39m\n              \u001b[36m>\u001b[39m\n                \u001b[0mCashflow & rezerva\u001b[0m\n              \u001b[36m</header>\u001b[39m\n              \u001b[36m<div\u001b[39m\n                \u001b[33mclass\u001b[39m=\u001b[32m\"space-y-3\"\u001b[39m\n              \u001b[36m>\u001b[39m\n                \u001b[36m<button\u001b[39m\n                  \u001b[33maria-label\u001b[39m=\u001b[32m\"Nastaviť mesačný vklad na 100 €\"\u001b[39m\n                  \u001b[33mclass\u001b[39m=\u001b[32m\"px-3 py-2 rounded bg-slate-800 text-xs\"\u001b[39m\n                  \u001b[33mtype\u001b[39m=\u001b[32m\"button\"\u001b[39m\n                \u001b[36m..."],"location":{"line":37,"column":19}}],"startTime":1760473531655,"endTime":1760473531944,"status":"failed","message":"","name":"C:/Users/Adam/Desktop/unotop-mvp/tests/a11y.smoke.test.tsx"},{"assertionResults":[{"ancestorTitles":["","Acceptance: Mix cap & invariants UI"],"fullName":" Acceptance: Mix cap & invariants UI Scenár 1 – Dorovnať upraví sumu na 100 % po úmyselnej odchýlke","status":"failed","title":"Scenár 1 – Dorovnať upraví sumu na 100 % po úmyselnej odchýlke","duration":2130,"failureMessages":["Unable to find an element with the text: /^Súčet$/i. This could be because the text is broken up by multiple elements. In this case, you can provide a function for your text matcher to make your matcher more flexible.\n\nIgnored nodes: comments, script, style\n\u001b[36m<body>\u001b[39m\n  \u001b[36m<div>\u001b[39m\n    \u001b[36m<div\u001b[39m\n      \u001b[33mclass\u001b[39m=\u001b[32m\"min-h-screen bg-slate-950 text-slate-100\"\u001b[39m\n    \u001b[36m>\u001b[39m\n      \u001b[36m<main\u001b[39m\n        \u001b[33mclass\u001b[39m=\u001b[32m\"mx-auto max-w-[1600px] px-4 xl:grid xl:grid-cols-[minmax(0,1fr)_420px] xl:gap-6 items-start\"\u001b[39m\n      \u001b[36m>\u001b[39m\n        \u001b[36m<div\u001b[39m\n          \u001b[33maria-label\u001b[39m=\u001b[32m\"Left column\"\u001b[39m\n          \u001b[33mclass\u001b[39m=\u001b[32m\"min-w-0 space-y-6\"\u001b[39m\n          \u001b[33mdata-testid\u001b[39m=\u001b[32m\"left-col\"\u001b[39m\n        \u001b[36m>\u001b[39m\n          \u001b[36m<section\u001b[39m\n            \u001b[33maria-label\u001b[39m=\u001b[32m\"Zloženie portfólia\"\u001b[39m\n            \u001b[33mclass\u001b[39m=\u001b[32m\"w-full min-w-0 overflow-hidden rounded-2xl ring-1 ring-white/5 bg-slate-900/60 p-4 md:p-5\"\u001b[39m\n          \u001b[36m>\u001b[39m\n            \u001b[36m<header\u001b[39m\n              \u001b[33mclass\u001b[39m=\u001b[32m\"mb-3 font-semibold\"\u001b[39m\n            \u001b[36m>\u001b[39m\n              \u001b[0mZloženie portfólia\u001b[0m\n            \u001b[36m</header>\u001b[39m\n            \u001b[36m<div\u001b[39m\n              \u001b[33mclass\u001b[39m=\u001b[32m\"flex flex-wrap items-center gap-2 mb-4\"\u001b[39m\n            \u001b[36m>\u001b[39m\n              \u001b[36m<button\u001b[39m\n                \u001b[33maria-label\u001b[39m=\u001b[32m\"Použiť vybraný mix (inline)\"\u001b[39m\n                \u001b[33mclass\u001b[39m=\u001b[32m\"px-3 py-2 rounded bg-slate-800\"\u001b[39m\n              \u001b[36m>\u001b[39m\n                \u001b[0mPoužiť vybraný mix (inline)\u001b[0m\n              \u001b[36m</button>\u001b[39m\n              \u001b[36m<button\u001b[39m\n                \u001b[33mclass\u001b[39m=\u001b[32m\"px-3 py-2 rounded bg-slate-800\"\u001b[39m\n              \u001b[36m>\u001b[39m\n                \u001b[0mReset\u001b[0m\n              \u001b[36m</button>\u001b[39m\n            \u001b[36m</div>\u001b[39m\n            \u001b[36m<div\u001b[39m\n              \u001b[33maria-label\u001b[39m=\u001b[32m\"Insights\"\u001b[39m\n              \u001b[33mclass\u001b[39m=\u001b[32m\"space-y-2\"\u001b[39m\n            \u001b[36m/>\u001b[39m\n            \u001b[36m<div\u001b[39m\n              \u001b[33mclass\u001b[39m=\u001b[32m\"mt-4 grid gap-3\"\u001b[39m\n            \u001b[36m>\u001b[39m\n              \u001b[36m<div\u001b[39m\n                \u001b[33mclass\u001b[39m=\u001b[32m\"grid grid-cols-[auto_1fr_auto] items-center gap-3\"\u001b[39m\n              \u001b[36m>\u001b[39m\n                \u001b[36m<label\u001b[39m\n                  \u001b[33mfor\u001b[39m=\u001b[32m\"mix-gold\"\u001b[39m\n                \u001b[36m>\u001b[39m\n                  \u001b[0mZlato (fyzické)\u001b[0m\n                \u001b[36m</label>\u001b[39m\n                \u001b[36m<input\u001b[39m\n                  \u001b[33maria-label\u001b[39m=\u001b[32m\"Zlato (fyzické)\"\u001b[39m\n                  \u001b[33mclass\u001b[39m=\u001b[32m\"\"\u001b[39m\n                  \u001b[33mdata-testid\u001b[39m=\u001b[32m\"slider-gold\"\u001b[39m\n                  \u001b[33mid\u001b[39m=\u001b[32m\"mix-gold\"\u001b[39m\n                  \u001b[33mmax\u001b[39m=\u001b[32m\"40\"\u001b[39m\n                  \u001b[33mmin\u001b[39m=\u001b[32m\"0\"\u001b[39m\n                  \u001b[33mrole\u001b[39m=\u001b[32m\"slider\"\u001b[39m\n                  \u001b[33mtype\u001b[39m=\u001b[32m\"range\"\u001b[39m\n                  \u001b[33mvalue\u001b[39m=\u001b[32m\"12\"\u001b[39m\n                \u001b[36m/>\u001b[39m\n                \u001b[36m<span\u001b[39m\n                  \u001b[33mclass\u001b[39m=\u001b[32m\"tabular-nums\"\u001b[39m\n                \u001b[36m>\u001b[39m\n                  \u001b[0m12\u001b[0m\n                  \u001b[0m%\u001b[0m\n                \u001b[36m</span>\u001b[39m\n              \u001b[36m</div>\u001b[39m\n              \u001b[36m<div\u001b[39m\n                \u001b[33mclass\u001b[39m=\u001b[32m\"grid grid-cols-[auto_1fr_auto] items-center gap-3\"\u001b[39m\n              \u001b[36m>\u001b[39m\n                \u001b[36m<label\u001b[39m\n                  \u001b[33mfor\u001b[39m=\u001b[32m\"mix-gold-number\"\u001b[39m\n                \u001b[36m>\u001b[39m\n                  \u001b[0mZlato %\u001b[0m\n                \u001b[36m</label>\u001b[39m\n                \u001b[36m<input\u001b[39m\n                  \u001b[33maria-label\u001b[39m=\u001b[32m\"Zlato percentá\"\u001b[39m\n                  \u001b[33mclass\u001b[39m=\u001b[32m\"w-full bg-slate-800 rounded px-2 py-1 text-sm\"\u001b[39m\n                  \u001b[33mdata-testid\u001b[39m=\u001b[32m\"input-gold-number\"\u001b[39m\n                  \u001b[33mid\u001b[39m=\u001b[32m\"mix-gold-number\"\u001b[39m\n                  \u001b[33mmax\u001b[39m=\u001b[32m\"40\"\u001b[39m\n                  \u001b[33mmin\u001b[39m=\u001b[32m\"0\"\u001b[39m\n                  \u001b[33mtype\u001b[39m=\u001b[32m\"number\"\u001b[39m\n                  \u001b[33mvalue\u001b[39m=\u001b[32m\"12\"\u001b[39m\n                \u001b[36m/>\u001b[39m\n                \u001b[36m<span\u001b[39m\n                  \u001b[33mclass\u001b[39m=\u001b[32m\"text-xs text-slate-400\"\u001b[39m\n                \u001b[36m>\u001b[39m\n                  \u001b[0m%\u001b[0m\n                \u001b[36m</span>\u001b[39m\n              \u001b[36m</div>\u001b[39m\n            \u001b[36m</div>\u001b[39m\n            \u001b[36m<div\u001b[39m\n              \u001b[33maria-label\u001b[39m=\u001b[32m\"Scenario chips\"\u001b[39m\n              \u001b[33mclass\u001b[39m=\u001b[32m\"mt-6 space-y-2\"\u001b[39m\n            \u001b[36m>\u001b[39m\n              \u001b[36m<div\u001b[39m\n                \u001b[33mclass\u001b[39m=\u001b[32m\"flex flex-wrap gap-2\"\u001b[39m\n              \u001b[36m>\u001b[39m\n                \u001b[36m<button\u001b[39m\n                  \u001b[33maria-pressed\u001b[39m=\u001b[32m\"false\"\u001b[39m\n                  \u001b[33mclass\u001b[39m=\u001b[32m\"px-2 py-1 rounded border text-xs transition-colors bg-slate-600/20 border-slate-500/40 text-slate-200 \"\u001b[39m\n                  \u001b[33mtype\u001b[39m=\u001b[32m\"button\"\u001b[39m\n                \u001b[36m>\u001b[39m\n                  \u001b[0m−20 %\u001b[0m\n                \u001b[36m</button>\u001b[39m\n                \u001b[36m<button\u001b[39m\n                  \u001b[33maria-pressed\u001b[39m=\u001b[32m\"false\"\u001b[39m\n                  \u001b[33mclass\u001b[39m=\u001b[32m\"px-2 py-1 rounded border text-xs transition-colors bg-slate-600/20 border-slate-500/40 text-slate-200 \"\u001b[39m\n                  \u001b[33mtype\u001b[39m=\u001b[32m\"button\"\u001b[39m\n                \u001b[36m>\u001b[39m\n                  \u001b[0m+10 %\u001b[0m\n                \u001b[36m</button>\u001b[39m\n                \u001b[36m<button\u001b[39m\n                  \u001b[33maria-pressed\u001b[39m=\u001b[32m\"false\"\u001b[39m\n                  \u001b[33mclass\u001b[39m=\u001b[32m\"px-2 py-1 rounded border text-xs transition-colors bg-slate-600/20 border-slate-500/40 text-slate-200 \"\u001b[39m\n                  \u001b[33mtype\u001b[39m=\u001b[32m\"button\"\u001b[39m\n                \u001b[36m>\u001b[39m\n                  \u001b[0mInflácia 6 %\u001b[0m\n                \u001b[36m</button>\u001b[39m\n              \u001b[36m</div>\u001b[39m\n            \u001b[36m</div>\u001b[39m\n          \u001b[36m</section>\u001b[39m\n          \u001b[36m<div\u001b[39m\n            \u001b[33mclass\u001b[39m=\u001b[32m\"grid grid-cols-1 xl:grid-cols-2 gap-6 items-start\"\u001b[39m\n          \u001b[36m>\u001b[39m\n            \u001b[36m<section\u001b[39m\n              \u001b[33mclass\u001b[39m=\u001b[32m\"w-full h-full min-w-0 overflow-hidden rounded-2xl ring-1 ring-white/5 bg-slate-900/60 p-4 md:p-5\"\u001b[39m\n            \u001b[36m>\u001b[39m\n              \u001b[36m<header\u001b[39m\n                \u001b[33mclass\u001b[39m=\u001b[32m\"mb-3 font-semibold\"\u001b[39m\n              \u001b[36m>\u001b[39m\n                \u001b[0mCashflow & rezerva\u001b[0m\n              \u001b[36m</header>\u001b[39m\n              \u001b[36m<div\u001b[39m\n                \u001b[33mclass\u001b[39m=\u001b[32m\"space-y-3\"\u001b[39m\n              \u001b[36m>\u001b[39m\n                \u001b[36m<button\u001b[39m\n                  \u001b[33maria-label\u001b[39m=\u001b[32m\"Nastaviť mesačný vklad na 100 €\"\u001b[39m\n                  \u001b[33mclass\u001b[39m=\u001b[32m\"px-3 py-2 rounded bg-slate-800 text-xs\"\u001b[39m\n                  \u001b[33mtype\u001b[39m=\u001b[32m\"button\"\u001b[39m\n                \u001b[36m>\u001b[39m\n                  \u001b[0mNastaviť mesačný vklad\u001b[0m\n                \u001b[36m</button>\u001b[39m\n                \u001b[36m<div\u001b[39m\n                  \u001b[33mclass\u001b[39m=\u001b[32m\"grid grid-cols-[auto_1fr_auto] items-center gap-2 text-xs\"\u001b[39m\n                \u001b[36m>\u001b[39m\n                  \u001b[36m<label\u001b[39m\n                    \u001b[33mfor\u001b[39m=\u001b[32m\"monthly-contrib-slider\"\u001b[39m\n                  \u001b[36m>\u001b[39m\n             ...\n\nIgnored nodes: comments, script, style\n\u001b[36m<html>\u001b[39m\n  \u001b[36m<head />\u001b[39m\n  \u001b[36m<body>\u001b[39m\n    \u001b[36m<div>\u001b[39m\n      \u001b[36m<div\u001b[39m\n        \u001b[33mclass\u001b[39m=\u001b[32m\"min-h-screen bg-slate-950 text-slate-100\"\u001b[39m\n      \u001b[36m>\u001b[39m\n        \u001b[36m<main\u001b[39m\n          \u001b[33mclass\u001b[39m=\u001b[32m\"mx-auto max-w-[1600px] px-4 xl:grid xl:grid-cols-[minmax(0,1fr)_420px] xl:gap-6 items-start\"\u001b[39m\n        \u001b[36m>\u001b[39m\n          \u001b[36m<div\u001b[39m\n            \u001b[33maria-label\u001b[39m=\u001b[32m\"Left column\"\u001b[39m\n            \u001b[33mclass\u001b[39m=\u001b[32m\"min-w-0 space-y-6\"\u001b[39m\n            \u001b[33mdata-testid\u001b[39m=\u001b[32m\"left-col\"\u001b[39m\n          \u001b[36m>\u001b[39m\n            \u001b[36m<section\u001b[39m\n              \u001b[33maria-label\u001b[39m=\u001b[32m\"Zloženie portfólia\"\u001b[39m\n              \u001b[33mclass\u001b[39m=\u001b[32m\"w-full min-w-0 overflow-hidden rounded-2xl ring-1 ring-white/5 bg-slate-900/60 p-4 md:p-5\"\u001b[39m\n            \u001b[36m>\u001b[39m\n              \u001b[36m<header\u001b[39m\n                \u001b[33mclass\u001b[39m=\u001b[32m\"mb-3 font-semibold\"\u001b[39m\n              \u001b[36m>\u001b[39m\n                \u001b[0mZloženie portfólia\u001b[0m\n              \u001b[36m</header>\u001b[39m\n              \u001b[36m<div\u001b[39m\n                \u001b[33mclass\u001b[39m=\u001b[32m\"flex flex-wrap items-center gap-2 mb-4\"\u001b[39m\n              \u001b[36m>\u001b[39m\n                \u001b[36m<button\u001b[39m\n                  \u001b[33maria-label\u001b[39m=\u001b[32m\"Použiť vybraný mix (inline)\"\u001b[39m\n                  \u001b[33mclass\u001b[39m=\u001b[32m\"px-3 py-2 rounded bg-slate-800\"\u001b[39m\n                \u001b[36m>\u001b[39m\n                  \u001b[0mPoužiť vybraný mix (inline)\u001b[0m\n                \u001b[36m</button>\u001b[39m\n                \u001b[36m<button\u001b[39m\n                  \u001b[33mclass\u001b[39m=\u001b[32m\"px-3 py-2 rounded bg-slate-800\"\u001b[39m\n                \u001b[36m>\u001b[39m\n                  \u001b[0mReset\u001b[0m\n                \u001b[36m</button>\u001b[39m\n              \u001b[36m</div>\u001b[39m\n              \u001b[36m<div\u001b[39m\n                \u001b[33maria-label\u001b[39m=\u001b[32m\"Insights\"\u001b[39m\n                \u001b[33mclass\u001b[39m=\u001b[32m\"space-y-2\"\u001b[39m\n              \u001b[36m/>\u001b[39m\n              \u001b[36m<div\u001b[39m\n                \u001b[33mclass\u001b[39m=\u001b[32m\"mt-4 grid gap-3\"\u001b[39m\n              \u001b[36m>\u001b[39m\n                \u001b[36m<div\u001b[39m\n                  \u001b[33mclass\u001b[39m=\u001b[32m\"grid grid-cols-[auto_1fr_auto] items-center gap-3\"\u001b[39m\n                \u001b[36m>\u001b[39m\n                  \u001b[36m<label\u001b[39m\n                    \u001b[33mfor\u001b[39m=\u001b[32m\"mix-gold\"\u001b[39m\n                  \u001b[36m>\u001b[39m\n                    \u001b[0mZlato (fyzické)\u001b[0m\n                  \u001b[36m</label>\u001b[39m\n                  \u001b[36m<input\u001b[39m\n                    \u001b[33maria-label\u001b[39m=\u001b[32m\"Zlato (fyzické)\"\u001b[39m\n                    \u001b[33mclass\u001b[39m=\u001b[32m\"\"\u001b[39m\n                    \u001b[33mdata-testid\u001b[39m=\u001b[32m\"slider-gold\"\u001b[39m\n                    \u001b[33mid\u001b[39m=\u001b[32m\"mix-gold\"\u001b[39m\n                    \u001b[33mmax\u001b[39m=\u001b[32m\"40\"\u001b[39m\n                    \u001b[33mmin\u001b[39m=\u001b[32m\"0\"\u001b[39m\n                    \u001b[33mrole\u001b[39m=\u001b[32m\"slider\"\u001b[39m\n                    \u001b[33mtype\u001b[39m=\u001b[32m\"range\"\u001b[39m\n                    \u001b[33mvalue\u001b[39m=\u001b[32m\"12\"\u001b[39m\n                  \u001b[36m/>\u001b[39m\n                  \u001b[36m<span\u001b[39m\n                    \u001b[33mclass\u001b[39m=\u001b[32m\"tabular-nums\"\u001b[39m\n                  \u001b[36m>\u001b[39m\n                    \u001b[0m12\u001b[0m\n                    \u001b[0m%\u001b[0m\n                  \u001b[36m</span>\u001b[39m\n                \u001b[36m</div>\u001b[39m\n                \u001b[36m<div\u001b[39m\n                  \u001b[33mclass\u001b[39m=\u001b[32m\"grid grid-cols-[auto_1fr_auto] items-center gap-3\"\u001b[39m\n                \u001b[36m>\u001b[39m\n                  \u001b[36m<label\u001b[39m\n                    \u001b[33mfor\u001b[39m=\u001b[32m\"mix-gold-number\"\u001b[39m\n                  \u001b[36m>\u001b[39m\n                    \u001b[0mZlato %\u001b[0m\n                  \u001b[36m</label>\u001b[39m\n                  \u001b[36m<input\u001b[39m\n                    \u001b[33maria-label\u001b[39m=\u001b[32m\"Zlato percentá\"\u001b[39m\n                    \u001b[33mclass\u001b[39m=\u001b[32m\"w-full bg-slate-800 rounded px-2 py-1 text-sm\"\u001b[39m\n                    \u001b[33mdata-testid\u001b[39m=\u001b[32m\"input-gold-number\"\u001b[39m\n                    \u001b[33mid\u001b[39m=\u001b[32m\"mix-gold-number\"\u001b[39m\n                    \u001b[33mmax\u001b[39m=\u001b[32m\"40\"\u001b[39m\n                    \u001b[33mmin\u001b[39m=\u001b[32m\"0\"\u001b[39m\n                    \u001b[33mtype\u001b[39m=\u001b[32m\"number\"\u001b[39m\n                    \u001b[33mvalue\u001b[39m=\u001b[32m\"12\"\u001b[39m\n                  \u001b[36m/>\u001b[39m\n                  \u001b[36m<span\u001b[39m\n                    \u001b[33mclass\u001b[39m=\u001b[32m\"text-xs text-slate-400\"\u001b[39m\n                  \u001b[36m>\u001b[39m\n                    \u001b[0m%\u001b[0m\n                  \u001b[36m</span>\u001b[39m\n                \u001b[36m</div>\u001b[39m\n              \u001b[36m</div>\u001b[39m\n              \u001b[36m<div\u001b[39m\n                \u001b[33maria-label\u001b[39m=\u001b[32m\"Scenario chips\"\u001b[39m\n                \u001b[33mclass\u001b[39m=\u001b[32m\"mt-6 space-y-2\"\u001b[39m\n              \u001b[36m>\u001b[39m\n                \u001b[36m<div\u001b[39m\n                  \u001b[33mclass\u001b[39m=\u001b[32m\"flex flex-wrap gap-2\"\u001b[39m\n                \u001b[36m>\u001b[39m\n                  \u001b[36m<button\u001b[39m\n                    \u001b[33maria-pressed\u001b[39m=\u001b[32m\"false\"\u001b[39m\n                    \u001b[33mclass\u001b[39m=\u001b[32m\"px-2 py-1 rounded border text-xs transition-colors bg-slate-600/20 border-slate-500/40 text-slate-200 \"\u001b[39m\n                    \u001b[33mtype\u001b[39m=\u001b[32m\"button\"\u001b[39m\n                  \u001b[36m>\u001b[39m\n                    \u001b[0m−20 %\u001b[0m\n                  \u001b[36m</button>\u001b[39m\n                  \u001b[36m<button\u001b[39m\n                    \u001b[33maria-pressed\u001b[39m=\u001b[32m\"false\"\u001b[39m\n                    \u001b[33mclass\u001b[39m=\u001b[32m\"px-2 py-1 rounded border text-xs transition-colors bg-slate-600/20 border-slate-500/40 text-slate-200 \"\u001b[39m\n                    \u001b[33mtype\u001b[39m=\u001b[32m\"button\"\u001b[39m\n                  \u001b[36m>\u001b[39m\n                    \u001b[0m+10 %\u001b[0m\n                  \u001b[36m</button>\u001b[39m\n                  \u001b[36m<button\u001b[39m\n                    \u001b[33maria-pressed\u001b[39m=\u001b[32m\"false\"\u001b[39m\n                    \u001b[33mclass\u001b[39m=\u001b[32m\"px-2 py-1 rounded border text-xs transition-colors bg-slate-600/20 border-slate-500/40 text-slate-200 \"\u001b[39m\n                    \u001b[33mtype\u001b[39m=\u001b[32m\"button\"\u001b[39m\n                  \u001b[36m>\u001b[39m\n                    \u001b[0mInflácia 6 %\u001b[0m\n                  \u001b[36m</button>\u001b[39m\n                \u001b[36m</div>\u001b[39m\n              \u001b[36m</div>\u001b[39m\n            \u001b[36m</section>\u001b[39m\n            \u001b[36m<div\u001b[39m\n              \u001b[33mclass\u001b[39m=\u001b[32m\"grid grid-cols-1 xl:grid-cols-2 gap-6 items-start\"\u001b[39m\n            \u001b[36m>\u001b[39m\n              \u001b[36m<section\u001b[39m\n                \u001b[33mclass\u001b[39m=\u001b[32m\"w-full h-full min-w-0 overflow-hidden rounded-2xl ring-1 ring-white/5 bg-slate-900/60 p-4 md:p-5\"\u001b[39m\n              \u001b[36m>\u001b[39m\n                \u001b[36m<header\u001b[39m\n                  \u001b[33mclass\u001b[39m=\u001b[32m\"mb-3 font-semibold\"\u001b[39m\n                \u001b[36m>\u001b[39m\n                  \u001b[0mCashflow & rezerva\u001b[0m\n                \u001b[36m</header>\u001b[39m\n                \u001b[36m<div\u001b[39m\n                  \u001b[33mclass\u001b[39m=\u001b[32m\"space-y-3\"\u001b[39m\n                \u001b[36m>\u001b[39m\n                  \u001b[36m<button\u001b[39m\n                    \u001b[33maria-label\u001b[39m=\u001b[32m\"Nastaviť mesačný vklad na 100 €\"\u001b[39m\n                    \u001b[33mclass\u001b[39m=\u001b[32m\"px-3 py-2 rounded bg-slate-800 text-xs\"\u001b[39m\n                    \u001b[33mtype\u001b[39m=\u001b[32m\"button\"\u001b[39m\n                  \u001b[36m>\u001b[39m\n                    \u001b[0mNastaviť mesačný vklad\u001b[0m\n                ..."],"location":{"line":163,"column":27}},{"ancestorTitles":["","Acceptance: Mix cap & invariants UI"],"fullName":" Acceptance: Mix cap & invariants UI Scenár 2 – invariants po Aplikovať odporúčaný mix","status":"failed","title":"Scenár 2 – invariants po Aplikovať odporúčaný mix","duration":1056,"failureMessages":["Unable to find role=\"button\" and name `/Aplikovať odporúčaný mix portfólia/i`\n\nIgnored nodes: comments, script, style\n\u001b[36m<body>\u001b[39m\n  \u001b[36m<div>\u001b[39m\n    \u001b[36m<div\u001b[39m\n      \u001b[33mclass\u001b[39m=\u001b[32m\"min-h-screen bg-slate-950 text-slate-100\"\u001b[39m\n    \u001b[36m>\u001b[39m\n      \u001b[36m<main\u001b[39m\n        \u001b[33mclass\u001b[39m=\u001b[32m\"mx-auto max-w-[1600px] px-4 xl:grid xl:grid-cols-[minmax(0,1fr)_420px] xl:gap-6 items-start\"\u001b[39m\n      \u001b[36m>\u001b[39m\n        \u001b[36m<div\u001b[39m\n          \u001b[33maria-label\u001b[39m=\u001b[32m\"Left column\"\u001b[39m\n          \u001b[33mclass\u001b[39m=\u001b[32m\"min-w-0 space-y-6\"\u001b[39m\n          \u001b[33mdata-testid\u001b[39m=\u001b[32m\"left-col\"\u001b[39m\n        \u001b[36m>\u001b[39m\n          \u001b[36m<section\u001b[39m\n            \u001b[33maria-label\u001b[39m=\u001b[32m\"Zloženie portfólia\"\u001b[39m\n            \u001b[33mclass\u001b[39m=\u001b[32m\"w-full min-w-0 overflow-hidden rounded-2xl ring-1 ring-white/5 bg-slate-900/60 p-4 md:p-5\"\u001b[39m\n          \u001b[36m>\u001b[39m\n            \u001b[36m<header\u001b[39m\n              \u001b[33mclass\u001b[39m=\u001b[32m\"mb-3 font-semibold\"\u001b[39m\n            \u001b[36m>\u001b[39m\n              \u001b[0mZloženie portfólia\u001b[0m\n            \u001b[36m</header>\u001b[39m\n            \u001b[36m<div\u001b[39m\n              \u001b[33mclass\u001b[39m=\u001b[32m\"flex flex-wrap items-center gap-2 mb-4\"\u001b[39m\n            \u001b[36m>\u001b[39m\n              \u001b[36m<button\u001b[39m\n                \u001b[33maria-label\u001b[39m=\u001b[32m\"Použiť vybraný mix (inline)\"\u001b[39m\n                \u001b[33mclass\u001b[39m=\u001b[32m\"px-3 py-2 rounded bg-slate-800\"\u001b[39m\n              \u001b[36m>\u001b[39m\n                \u001b[0mPoužiť vybraný mix (inline)\u001b[0m\n              \u001b[36m</button>\u001b[39m\n              \u001b[36m<button\u001b[39m\n                \u001b[33mclass\u001b[39m=\u001b[32m\"px-3 py-2 rounded bg-slate-800\"\u001b[39m\n              \u001b[36m>\u001b[39m\n                \u001b[0mReset\u001b[0m\n              \u001b[36m</button>\u001b[39m\n            \u001b[36m</div>\u001b[39m\n            \u001b[36m<div\u001b[39m\n              \u001b[33maria-label\u001b[39m=\u001b[32m\"Insights\"\u001b[39m\n              \u001b[33mclass\u001b[39m=\u001b[32m\"space-y-2\"\u001b[39m\n            \u001b[36m>\u001b[39m\n              \u001b[36m<button\u001b[39m\n                \u001b[33maria-label\u001b[39m=\u001b[32m\"Insight: Gold 12 %\"\u001b[39m\n                \u001b[33mclass\u001b[39m=\u001b[32m\"rounded bg-amber-500/10 px-3 py-2 ring-1 ring-amber-500/30\"\u001b[39m\n                \u001b[33mdata-testid\u001b[39m=\u001b[32m\"insight-gold-12\"\u001b[39m\n              \u001b[36m>\u001b[39m\n                \u001b[0mGold 12 % (odporúčanie)\u001b[0m\n              \u001b[36m</button>\u001b[39m\n            \u001b[36m</div>\u001b[39m\n            \u001b[36m<div\u001b[39m\n              \u001b[33mclass\u001b[39m=\u001b[32m\"mt-4 grid gap-3\"\u001b[39m\n            \u001b[36m>\u001b[39m\n              \u001b[36m<div\u001b[39m\n                \u001b[33mclass\u001b[39m=\u001b[32m\"grid grid-cols-[auto_1fr_auto] items-center gap-3\"\u001b[39m\n              \u001b[36m>\u001b[39m\n                \u001b[36m<label\u001b[39m\n                  \u001b[33mfor\u001b[39m=\u001b[32m\"mix-gold\"\u001b[39m\n                \u001b[36m>\u001b[39m\n                  \u001b[0mZlato (fyzické)\u001b[0m\n                \u001b[36m</label>\u001b[39m\n                \u001b[36m<input\u001b[39m\n                  \u001b[33maria-label\u001b[39m=\u001b[32m\"Zlato (fyzické)\"\u001b[39m\n                  \u001b[33mclass\u001b[39m=\u001b[32m\"\"\u001b[39m\n                  \u001b[33mdata-testid\u001b[39m=\u001b[32m\"slider-gold\"\u001b[39m\n                  \u001b[33mid\u001b[39m=\u001b[32m\"mix-gold\"\u001b[39m\n                  \u001b[33mmax\u001b[39m=\u001b[32m\"40\"\u001b[39m\n                  \u001b[33mmin\u001b[39m=\u001b[32m\"0\"\u001b[39m\n                  \u001b[33mrole\u001b[39m=\u001b[32m\"slider\"\u001b[39m\n                  \u001b[33mtype\u001b[39m=\u001b[32m\"range\"\u001b[39m\n                  \u001b[33mvalue\u001b[39m=\u001b[32m\"5\"\u001b[39m\n                \u001b[36m/>\u001b[39m\n                \u001b[36m<span\u001b[39m\n                  \u001b[33mclass\u001b[39m=\u001b[32m\"tabular-nums\"\u001b[39m\n                \u001b[36m>\u001b[39m\n                  \u001b[0m5\u001b[0m\n                  \u001b[0m%\u001b[0m\n                \u001b[36m</span>\u001b[39m\n              \u001b[36m</div>\u001b[39m\n              \u001b[36m<div\u001b[39m\n                \u001b[33mclass\u001b[39m=\u001b[32m\"grid grid-cols-[auto_1fr_auto] items-center gap-3\"\u001b[39m\n              \u001b[36m>\u001b[39m\n                \u001b[36m<label\u001b[39m\n                  \u001b[33mfor\u001b[39m=\u001b[32m\"mix-gold-number\"\u001b[39m\n                \u001b[36m>\u001b[39m\n                  \u001b[0mZlato %\u001b[0m\n                \u001b[36m</label>\u001b[39m\n                \u001b[36m<input\u001b[39m\n                  \u001b[33maria-label\u001b[39m=\u001b[32m\"Zlato percentá\"\u001b[39m\n                  \u001b[33mclass\u001b[39m=\u001b[32m\"w-full bg-slate-800 rounded px-2 py-1 text-sm\"\u001b[39m\n                  \u001b[33mdata-testid\u001b[39m=\u001b[32m\"input-gold-number\"\u001b[39m\n                  \u001b[33mid\u001b[39m=\u001b[32m\"mix-gold-number\"\u001b[39m\n                  \u001b[33mmax\u001b[39m=\u001b[32m\"40\"\u001b[39m\n                  \u001b[33mmin\u001b[39m=\u001b[32m\"0\"\u001b[39m\n                  \u001b[33mtype\u001b[39m=\u001b[32m\"number\"\u001b[39m\n                  \u001b[33mvalue\u001b[39m=\u001b[32m\"5\"\u001b[39m\n                \u001b[36m/>\u001b[39m\n                \u001b[36m<span\u001b[39m\n                  \u001b[33mclass\u001b[39m=\u001b[32m\"text-xs text-slate-400\"\u001b[39m\n                \u001b[36m>\u001b[39m\n                  \u001b[0m%\u001b[0m\n                \u001b[36m</span>\u001b[39m\n              \u001b[36m</div>\u001b[39m\n            \u001b[36m</div>\u001b[39m\n            \u001b[36m<div\u001b[39m\n              \u001b[33maria-label\u001b[39m=\u001b[32m\"Scenario chips\"\u001b[39m\n              \u001b[33mclass\u001b[39m=\u001b[32m\"mt-6 space-y-2\"\u001b[39m\n            \u001b[36m>\u001b[39m\n              \u001b[36m<div\u001b[39m\n                \u001b[33mclass\u001b[39m=\u001b[32m\"flex flex-wrap gap-2\"\u001b[39m\n              \u001b[36m>\u001b[39m\n                \u001b[36m<button\u001b[39m\n                  \u001b[33maria-pressed\u001b[39m=\u001b[32m\"false\"\u001b[39m\n                  \u001b[33mclass\u001b[39m=\u001b[32m\"px-2 py-1 rounded border text-xs transition-colors bg-slate-600/20 border-slate-500/40 text-slate-200 \"\u001b[39m\n                  \u001b[33mtype\u001b[39m=\u001b[32m\"button\"\u001b[39m\n                \u001b[36m>\u001b[39m\n                  \u001b[0m−20 %\u001b[0m\n                \u001b[36m</button>\u001b[39m\n                \u001b[36m<button\u001b[39m\n                  \u001b[33maria-pressed\u001b[39m=\u001b[32m\"false\"\u001b[39m\n                  \u001b[33mclass\u001b[39m=\u001b[32m\"px-2 py-1 rounded border text-xs transition-colors bg-slate-600/20 border-slate-500/40 text-slate-200 \"\u001b[39m\n                  \u001b[33mtype\u001b[39m=\u001b[32m\"button\"\u001b[39m\n                \u001b[36m>\u001b[39m\n                  \u001b[0m+10 %\u001b[0m\n                \u001b[36m</button>\u001b[39m\n                \u001b[36m<button\u001b[39m\n                  \u001b[33maria-pressed\u001b[39m=\u001b[32m\"false\"\u001b[39m\n                  \u001b[33mclass\u001b[39m=\u001b[32m\"px-2 py-1 rounded border text-xs transition-colors bg-slate-600/20 border-slate-500/40 text-slate-200 \"\u001b[39m\n                  \u001b[33mtype\u001b[39m=\u001b[32m\"button\"\u001b[39m\n                \u001b[36m>\u001b[39m\n                  \u001b[0mInflácia 6 %\u001b[0m\n                \u001b[36m</button>\u001b[39m\n              \u001b[36m</div>\u001b[39m\n            \u001b[36m</div>\u001b[39m\n          \u001b[36m</section>\u001b[39m\n          \u001b[36m<div\u001b[39m\n            \u001b[33mclass\u001b[39m=\u001b[32m\"grid grid-cols-1 xl:grid-cols-2 gap-6 items-start\"\u001b[39m\n          \u001b[36m>\u001b[39m\n            \u001b[36m<section\u001b[39m\n              \u001b[33mclass\u001b[39m=\u001b[32m\"w-full h-full min-w-0 overflow-hidden rounded-2xl ring-1 ring-white/5 bg-slate-900/60 p-4 md:p-5\"\u001b[39m\n            \u001b[36m>\u001b[39m\n              \u001b[36m<header\u001b[39m\n                \u001b[33mclass\u001b[39m=\u001b[32m\"mb-3 font-semibold\"\u001b[39m\n              \u001b[36m>\u001b[39m\n                \u001b[0mCashflow & rezerva\u001b[0m\n              \u001b[36m</header>\u001b[39m\n              \u001b[36m<div\u001b[39m\n                \u001b[33mclass\u001b[39m=\u001b[32m\"space-y-3\"\u001b[39m\n              \u001b[36m>\u001b[39m\n                \u001b[36m<button\u001b[39m\n                  \u001b[33maria-label\u001b[39m=\u001b[32m\"Nastaviť mesačný vklad na 100 €\"\u001b[39m\n                  \u001b[33mclass\u001b[39m=\u001b[32m\"px-3 py-2 rounded bg-slate-800 text-xs\"\u001b[39m\n                  \u001b[33mtype\u001b[39m=\u001b[32m\"button\"\u001b[39m\n                \u001b[36m...\n\nIgnored nodes: comments, script, style\n\u001b[36m<body>\u001b[39m\n  \u001b[36m<div>\u001b[39m\n    \u001b[36m<div\u001b[39m\n      \u001b[33mclass\u001b[39m=\u001b[32m\"min-h-screen bg-slate-950 text-slate-100\"\u001b[39m\n    \u001b[36m>\u001b[39m\n      \u001b[36m<main\u001b[39m\n        \u001b[33mclass\u001b[39m=\u001b[32m\"mx-auto max-w-[1600px] px-4 xl:grid xl:grid-cols-[minmax(0,1fr)_420px] xl:gap-6 items-start\"\u001b[39m\n      \u001b[36m>\u001b[39m\n        \u001b[36m<div\u001b[39m\n          \u001b[33maria-label\u001b[39m=\u001b[32m\"Left column\"\u001b[39m\n          \u001b[33mclass\u001b[39m=\u001b[32m\"min-w-0 space-y-6\"\u001b[39m\n          \u001b[33mdata-testid\u001b[39m=\u001b[32m\"left-col\"\u001b[39m\n        \u001b[36m>\u001b[39m\n          \u001b[36m<section\u001b[39m\n            \u001b[33maria-label\u001b[39m=\u001b[32m\"Zloženie portfólia\"\u001b[39m\n            \u001b[33mclass\u001b[39m=\u001b[32m\"w-full min-w-0 overflow-hidden rounded-2xl ring-1 ring-white/5 bg-slate-900/60 p-4 md:p-5\"\u001b[39m\n          \u001b[36m>\u001b[39m\n            \u001b[36m<header\u001b[39m\n              \u001b[33mclass\u001b[39m=\u001b[32m\"mb-3 font-semibold\"\u001b[39m\n            \u001b[36m>\u001b[39m\n              \u001b[0mZloženie portfólia\u001b[0m\n            \u001b[36m</header>\u001b[39m\n            \u001b[36m<div\u001b[39m\n              \u001b[33mclass\u001b[39m=\u001b[32m\"flex flex-wrap items-center gap-2 mb-4\"\u001b[39m\n            \u001b[36m>\u001b[39m\n              \u001b[36m<button\u001b[39m\n                \u001b[33maria-label\u001b[39m=\u001b[32m\"Použiť vybraný mix (inline)\"\u001b[39m\n                \u001b[33mclass\u001b[39m=\u001b[32m\"px-3 py-2 rounded bg-slate-800\"\u001b[39m\n              \u001b[36m>\u001b[39m\n                \u001b[0mPoužiť vybraný mix (inline)\u001b[0m\n              \u001b[36m</button>\u001b[39m\n              \u001b[36m<button\u001b[39m\n                \u001b[33mclass\u001b[39m=\u001b[32m\"px-3 py-2 rounded bg-slate-800\"\u001b[39m\n              \u001b[36m>\u001b[39m\n                \u001b[0mReset\u001b[0m\n              \u001b[36m</button>\u001b[39m\n            \u001b[36m</div>\u001b[39m\n            \u001b[36m<div\u001b[39m\n              \u001b[33maria-label\u001b[39m=\u001b[32m\"Insights\"\u001b[39m\n              \u001b[33mclass\u001b[39m=\u001b[32m\"space-y-2\"\u001b[39m\n            \u001b[36m>\u001b[39m\n              \u001b[36m<button\u001b[39m\n                \u001b[33maria-label\u001b[39m=\u001b[32m\"Insight: Gold 12 %\"\u001b[39m\n                \u001b[33mclass\u001b[39m=\u001b[32m\"rounded bg-amber-500/10 px-3 py-2 ring-1 ring-amber-500/30\"\u001b[39m\n                \u001b[33mdata-testid\u001b[39m=\u001b[32m\"insight-gold-12\"\u001b[39m\n              \u001b[36m>\u001b[39m\n                \u001b[0mGold 12 % (odporúčanie)\u001b[0m\n              \u001b[36m</button>\u001b[39m\n            \u001b[36m</div>\u001b[39m\n            \u001b[36m<div\u001b[39m\n              \u001b[33mclass\u001b[39m=\u001b[32m\"mt-4 grid gap-3\"\u001b[39m\n            \u001b[36m>\u001b[39m\n              \u001b[36m<div\u001b[39m\n                \u001b[33mclass\u001b[39m=\u001b[32m\"grid grid-cols-[auto_1fr_auto] items-center gap-3\"\u001b[39m\n              \u001b[36m>\u001b[39m\n                \u001b[36m<label\u001b[39m\n                  \u001b[33mfor\u001b[39m=\u001b[32m\"mix-gold\"\u001b[39m\n                \u001b[36m>\u001b[39m\n                  \u001b[0mZlato (fyzické)\u001b[0m\n                \u001b[36m</label>\u001b[39m\n                \u001b[36m<input\u001b[39m\n                  \u001b[33maria-label\u001b[39m=\u001b[32m\"Zlato (fyzické)\"\u001b[39m\n                  \u001b[33mclass\u001b[39m=\u001b[32m\"\"\u001b[39m\n                  \u001b[33mdata-testid\u001b[39m=\u001b[32m\"slider-gold\"\u001b[39m\n                  \u001b[33mid\u001b[39m=\u001b[32m\"mix-gold\"\u001b[39m\n                  \u001b[33mmax\u001b[39m=\u001b[32m\"40\"\u001b[39m\n                  \u001b[33mmin\u001b[39m=\u001b[32m\"0\"\u001b[39m\n                  \u001b[33mrole\u001b[39m=\u001b[32m\"slider\"\u001b[39m\n                  \u001b[33mtype\u001b[39m=\u001b[32m\"range\"\u001b[39m\n                  \u001b[33mvalue\u001b[39m=\u001b[32m\"5\"\u001b[39m\n                \u001b[36m/>\u001b[39m\n                \u001b[36m<span\u001b[39m\n                  \u001b[33mclass\u001b[39m=\u001b[32m\"tabular-nums\"\u001b[39m\n                \u001b[36m>\u001b[39m\n                  \u001b[0m5\u001b[0m\n                  \u001b[0m%\u001b[0m\n                \u001b[36m</span>\u001b[39m\n              \u001b[36m</div>\u001b[39m\n              \u001b[36m<div\u001b[39m\n                \u001b[33mclass\u001b[39m=\u001b[32m\"grid grid-cols-[auto_1fr_auto] items-center gap-3\"\u001b[39m\n              \u001b[36m>\u001b[39m\n                \u001b[36m<label\u001b[39m\n                  \u001b[33mfor\u001b[39m=\u001b[32m\"mix-gold-number\"\u001b[39m\n                \u001b[36m>\u001b[39m\n                  \u001b[0mZlato %\u001b[0m\n                \u001b[36m</label>\u001b[39m\n                \u001b[36m<input\u001b[39m\n                  \u001b[33maria-label\u001b[39m=\u001b[32m\"Zlato percentá\"\u001b[39m\n                  \u001b[33mclass\u001b[39m=\u001b[32m\"w-full bg-slate-800 rounded px-2 py-1 text-sm\"\u001b[39m\n                  \u001b[33mdata-testid\u001b[39m=\u001b[32m\"input-gold-number\"\u001b[39m\n                  \u001b[33mid\u001b[39m=\u001b[32m\"mix-gold-number\"\u001b[39m\n                  \u001b[33mmax\u001b[39m=\u001b[32m\"40\"\u001b[39m\n                  \u001b[33mmin\u001b[39m=\u001b[32m\"0\"\u001b[39m\n                  \u001b[33mtype\u001b[39m=\u001b[32m\"number\"\u001b[39m\n                  \u001b[33mvalue\u001b[39m=\u001b[32m\"5\"\u001b[39m\n                \u001b[36m/>\u001b[39m\n                \u001b[36m<span\u001b[39m\n                  \u001b[33mclass\u001b[39m=\u001b[32m\"text-xs text-slate-400\"\u001b[39m\n                \u001b[36m>\u001b[39m\n                  \u001b[0m%\u001b[0m\n                \u001b[36m</span>\u001b[39m\n              \u001b[36m</div>\u001b[39m\n            \u001b[36m</div>\u001b[39m\n            \u001b[36m<div\u001b[39m\n              \u001b[33maria-label\u001b[39m=\u001b[32m\"Scenario chips\"\u001b[39m\n              \u001b[33mclass\u001b[39m=\u001b[32m\"mt-6 space-y-2\"\u001b[39m\n            \u001b[36m>\u001b[39m\n              \u001b[36m<div\u001b[39m\n                \u001b[33mclass\u001b[39m=\u001b[32m\"flex flex-wrap gap-2\"\u001b[39m\n              \u001b[36m>\u001b[39m\n                \u001b[36m<button\u001b[39m\n                  \u001b[33maria-pressed\u001b[39m=\u001b[32m\"false\"\u001b[39m\n                  \u001b[33mclass\u001b[39m=\u001b[32m\"px-2 py-1 rounded border text-xs transition-colors bg-slate-600/20 border-slate-500/40 text-slate-200 \"\u001b[39m\n                  \u001b[33mtype\u001b[39m=\u001b[32m\"button\"\u001b[39m\n                \u001b[36m>\u001b[39m\n                  \u001b[0m−20 %\u001b[0m\n                \u001b[36m</button>\u001b[39m\n                \u001b[36m<button\u001b[39m\n                  \u001b[33maria-pressed\u001b[39m=\u001b[32m\"false\"\u001b[39m\n                  \u001b[33mclass\u001b[39m=\u001b[32m\"px-2 py-1 rounded border text-xs transition-colors bg-slate-600/20 border-slate-500/40 text-slate-200 \"\u001b[39m\n                  \u001b[33mtype\u001b[39m=\u001b[32m\"button\"\u001b[39m\n                \u001b[36m>\u001b[39m\n                  \u001b[0m+10 %\u001b[0m\n                \u001b[36m</button>\u001b[39m\n                \u001b[36m<button\u001b[39m\n                  \u001b[33maria-pressed\u001b[39m=\u001b[32m\"false\"\u001b[39m\n                  \u001b[33mclass\u001b[39m=\u001b[32m\"px-2 py-1 rounded border text-xs transition-colors bg-slate-600/20 border-slate-500/40 text-slate-200 \"\u001b[39m\n                  \u001b[33mtype\u001b[39m=\u001b[32m\"button\"\u001b[39m\n                \u001b[36m>\u001b[39m\n                  \u001b[0mInflácia 6 %\u001b[0m\n                \u001b[36m</button>\u001b[39m\n              \u001b[36m</div>\u001b[39m\n            \u001b[36m</div>\u001b[39m\n          \u001b[36m</section>\u001b[39m\n          \u001b[36m<div\u001b[39m\n            \u001b[33mclass\u001b[39m=\u001b[32m\"grid grid-cols-1 xl:grid-cols-2 gap-6 items-start\"\u001b[39m\n          \u001b[36m>\u001b[39m\n            \u001b[36m<section\u001b[39m\n              \u001b[33mclass\u001b[39m=\u001b[32m\"w-full h-full min-w-0 overflow-hidden rounded-2xl ring-1 ring-white/5 bg-slate-900/60 p-4 md:p-5\"\u001b[39m\n            \u001b[36m>\u001b[39m\n              \u001b[36m<header\u001b[39m\n                \u001b[33mclass\u001b[39m=\u001b[32m\"mb-3 font-semibold\"\u001b[39m\n              \u001b[36m>\u001b[39m\n                \u001b[0mCashflow & rezerva\u001b[0m\n              \u001b[36m</header>\u001b[39m\n              \u001b[36m<div\u001b[39m\n                \u001b[33mclass\u001b[39m=\u001b[32m\"space-y-3\"\u001b[39m\n              \u001b[36m>\u001b[39m\n                \u001b[36m<button\u001b[39m\n                  \u001b[33maria-label\u001b[39m=\u001b[32m\"Nastaviť mesačný vklad na 100 €\"\u001b[39m\n                  \u001b[33mclass\u001b[39m=\u001b[32m\"px-3 py-2 rounded bg-slate-800 text-xs\"\u001b[39m\n                  \u001b[33mtype\u001b[39m=\u001b[32m\"button\"\u001b[39m\n                \u001b[36m..."],"location":{"line":163,"column":27}},{"ancestorTitles":["","Acceptance: Mix cap & invariants UI"],"fullName":" Acceptance: Mix cap & invariants UI Scenár 3 – overshoot: CTA alebo zachytené prekročenie limitu v BASIC","status":"failed","title":"Scenár 3 – overshoot: CTA alebo zachytené prekročenie limitu v BASIC","duration":397,"failureMessages":["Unable to find an accessible element with the role \"textbox\" and name `/Jednorazová investícia/i`\n\nHere are the accessible roles:\n\n  main:\n\n  Name \"\":\n  \u001b[36m<main\u001b[39m\n    \u001b[33mclass\u001b[39m=\u001b[32m\"mx-auto max-w-[1600px] px-4 xl:grid xl:grid-cols-[minmax(0,1fr)_420px] xl:gap-6 items-start\"\u001b[39m\n  \u001b[36m/>\u001b[39m\n\n  --------------------------------------------------\n  region:\n\n  Name \"Zloženie portfólia\":\n  \u001b[36m<section\u001b[39m\n    \u001b[33maria-label\u001b[39m=\u001b[32m\"Zloženie portfólia\"\u001b[39m\n    \u001b[33mclass\u001b[39m=\u001b[32m\"w-full min-w-0 overflow-hidden rounded-2xl ring-1 ring-white/5 bg-slate-900/60 p-4 md:p-5\"\u001b[39m\n  \u001b[36m/>\u001b[39m\n\n  Name \"Dlhy a hypotéky\":\n  \u001b[36m<section\u001b[39m\n    \u001b[33maria-labelledby\u001b[39m=\u001b[32m\"debts-title\"\u001b[39m\n    \u001b[33mclass\u001b[39m=\u001b[32m\"space-y-2 text-xs ring-1 ring-white/10 rounded p-3\"\u001b[39m\n    \u001b[33mrole\u001b[39m=\u001b[32m\"region\"\u001b[39m\n  \u001b[36m/>\u001b[39m\n\n  Name \"Metriky & odporúčania\":\n  \u001b[36m<section\u001b[39m\n    \u001b[33maria-labelledby\u001b[39m=\u001b[32m\"sec5-title\"\u001b[39m\n    \u001b[33mclass\u001b[39m=\u001b[32m\"w-full min-w-0 overflow-hidden rounded-2xl ring-1 ring-white/5 bg-slate-900/60 p-4 md:p-5\"\u001b[39m\n    \u001b[33mid\u001b[39m=\u001b[32m\"sec5\"\u001b[39m\n    \u001b[33mrole\u001b[39m=\u001b[32m\"region\"\u001b[39m\n  \u001b[36m/>\u001b[39m\n\n  Name \"Projekcia\":\n  \u001b[36m<section\u001b[39m\n    \u001b[33maria-labelledby\u001b[39m=\u001b[32m\"sec4-title\"\u001b[39m\n    \u001b[33mclass\u001b[39m=\u001b[32m\"w-full min-w-0 overflow-hidden rounded-2xl ring-1 ring-white/5 bg-slate-900/60 p-4 md:p-5\"\u001b[39m\n    \u001b[33mid\u001b[39m=\u001b[32m\"sec4\"\u001b[39m\n    \u001b[33mrole\u001b[39m=\u001b[32m\"region\"\u001b[39m\n  \u001b[36m/>\u001b[39m\n\n  --------------------------------------------------\n  banner:\n\n  Name \"\":\n  \u001b[36m<header\u001b[39m\n    \u001b[33mclass\u001b[39m=\u001b[32m\"mb-3 font-semibold\"\u001b[39m\n  \u001b[36m/>\u001b[39m\n\n  Name \"\":\n  \u001b[36m<header\u001b[39m\n    \u001b[33mclass\u001b[39m=\u001b[32m\"mb-3 font-semibold\"\u001b[39m\n  \u001b[36m/>\u001b[39m\n\n  Name \"\":\n  \u001b[36m<header\u001b[39m\n    \u001b[33mclass\u001b[39m=\u001b[32m\"font-semibold\"\u001b[39m\n    \u001b[33mid\u001b[39m=\u001b[32m\"debts-title\"\u001b[39m\n  \u001b[36m/>\u001b[39m\n\n  Name \"\":\n  \u001b[36m<header\u001b[39m\n    \u001b[33mclass\u001b[39m=\u001b[32m\"mb-3 font-semibold\"\u001b[39m\n  \u001b[36m/>\u001b[39m\n\n  Name \"\":\n  \u001b[36m<header\u001b[39m\n    \u001b[33mclass\u001b[39m=\u001b[32m\"mb-3 font-semibold\"\u001b[39m\n    \u001b[33mid\u001b[39m=\u001b[32m\"sec5-title\"\u001b[39m\n  \u001b[36m/>\u001b[39m\n\n  Name \"\":\n  \u001b[36m<header\u001b[39m\n    \u001b[33mclass\u001b[39m=\u001b[32m\"mb-3 font-semibold\"\u001b[39m\n    \u001b[33mid\u001b[39m=\u001b[32m\"sec4-title\"\u001b[39m\n  \u001b[36m/>\u001b[39m\n\n  --------------------------------------------------\n  button:\n\n  Name \"Použiť vybraný mix (inline)\":\n  \u001b[36m<button\u001b[39m\n    \u001b[33maria-label\u001b[39m=\u001b[32m\"Použiť vybraný mix (inline)\"\u001b[39m\n    \u001b[33mclass\u001b[39m=\u001b[32m\"px-3 py-2 rounded bg-slate-800\"\u001b[39m\n  \u001b[36m/>\u001b[39m\n\n  Name \"Reset\":\n  \u001b[36m<button\u001b[39m\n    \u001b[33mclass\u001b[39m=\u001b[32m\"px-3 py-2 rounded bg-slate-800\"\u001b[39m\n  \u001b[36m/>\u001b[39m\n\n  Name \"Insight: Gold 12 %\":\n  \u001b[36m<button\u001b[39m\n    \u001b[33maria-label\u001b[39m=\u001b[32m\"Insight: Gold 12 %\"\u001b[39m\n    \u001b[33mclass\u001b[39m=\u001b[32m\"rounded bg-amber-500/10 px-3 py-2 ring-1 ring-amber-500/30\"\u001b[39m\n    \u001b[33mdata-testid\u001b[39m=\u001b[32m\"insight-gold-12\"\u001b[39m\n  \u001b[36m/>\u001b[39m\n\n  Name \"−20 %\":\n  \u001b[36m<button\u001b[39m\n    \u001b[33maria-pressed\u001b[39m=\u001b[32m\"false\"\u001b[39m\n    \u001b[33mclass\u001b[39m=\u001b[32m\"px-2 py-1 rounded border text-xs transition-colors bg-slate-600/20 border-slate-500/40 text-slate-200 \"\u001b[39m\n    \u001b[33mtype\u001b[39m=\u001b[32m\"button\"\u001b[39m\n  \u001b[36m/>\u001b[39m\n\n  Name \"+10 %\":\n  \u001b[36m<button\u001b[39m\n    \u001b[33maria-pressed\u001b[39m=\u001b[32m\"false\"\u001b[39m\n    \u001b[33mclass\u001b[39m=\u001b[32m\"px-2 py-1 rounded border text-xs transition-colors bg-slate-600/20 border-slate-500/40 text-slate-200 \"\u001b[39m\n    \u001b[33mtype\u001b[39m=\u001b[32m\"button\"\u001b[39m\n  \u001b[36m/>\u001b[39m\n\n  Name \"Inflácia 6 %\":\n  \u001b[36m<button\u001b[39m\n    \u001b[33maria-pressed\u001b[39m=\u001b[32m\"false\"\u001b[39m\n    \u001b[33mclass\u001b[39m=\u001b[32m\"px-2 py-1 rounded border text-xs transition-colors bg-slate-600/20 border-slate-500/40 text-slate-200 \"\u001b[39m\n    \u001b[33mtype\u001b[39m=\u001b[32m\"button\"\u001b[39m\n  \u001b[36m/>\u001b[39m\n\n  Name \"Nastaviť mesačný vklad na 100 €\":\n  \u001b[36m<button\u001b[39m\n    \u001b[33maria-label\u001b[39m=\u001b[32m\"Nastaviť mesačný vklad na 100 €\"\u001b[39m\n    \u001b[33mclass\u001b[39m=\u001b[32m\"px-3 py-2 rounded bg-slate-800 text-xs\"\u001b[39m\n    \u001b[33mtype\u001b[39m=\u001b[32m\"button\"\u001b[39m\n  \u001b[36m/>\u001b[39m\n\n  Name \"Pridať dlh\":\n  \u001b[36m<button\u001b[39m\n    \u001b[33maria-label\u001b[39m=\u001b[32m\"Pridať dlh\"\u001b[39m\n    \u001b[33mclass\u001b[39m=\u001b[32m\"px-3 py-2 rounded bg-slate-800 text-xs\"\u001b[39m\n    \u001b[33mtype\u001b[39m=\u001b[32m\"button\"\u001b[39m\n  \u001b[36m/>\u001b[39m\n\n  Name \"+ Riadok\":\n  \u001b[36m<button\u001b[39m\n    \u001b[33mclass\u001b[39m=\u001b[32m\"px-2 py-1 rounded bg-slate-700\"\u001b[39m\n    \u001b[33mtype\u001b[39m=\u001b[32m\"button\"\u001b[39m\n  \u001b[36m/>\u001b[39m\n\n  Name \"Zmazať\":\n  \u001b[36m<button\u001b[39m\n    \u001b[33maria-label\u001b[39m=\u001b[32m\"Zmazať\"\u001b[39m\n    \u001b[33mclass\u001b[39m=\u001b[32m\"px-2 py-0.5 rounded bg-slate-700\"\u001b[39m\n    \u001b[33mtype\u001b[39m=\u001b[32m\"button\"\u001b[39m\n  \u001b[36m/>\u001b[39m\n\n  --------------------------------------------------\n  slider:\n\n  Name \"Zlato (fyzické)\":\n  \u001b[36m<input\u001b[39m\n    \u001b[33maria-label\u001b[39m=\u001b[32m\"Zlato (fyzické)\"\u001b[39m\n    \u001b[33mclass\u001b[39m=\u001b[32m\"\"\u001b[39m\n    \u001b[33mdata-testid\u001b[39m=\u001b[32m\"slider-gold\"\u001b[39m\n    \u001b[33mid\u001b[39m=\u001b[32m\"mix-gold\"\u001b[39m\n    \u001b[33mmax\u001b[39m=\u001b[32m\"40\"\u001b[39m\n    \u001b[33mmin\u001b[39m=\u001b[32m\"0\"\u001b[39m\n    \u001b[33mrole\u001b[39m=\u001b[32m\"slider\"\u001b[39m\n    \u001b[33mtype\u001b[39m=\u001b[32m\"range\"\u001b[39m\n    \u001b[33mvalue\u001b[39m=\u001b[32m\"5\"\u001b[39m\n  \u001b[36m/>\u001b[39m\n\n  Name \"Mesačný vklad – slider\":\n  \u001b[36m<input\u001b[39m\n    \u001b[33maria-label\u001b[39m=\u001b[32m\"Mesačný vklad – slider\"\u001b[39m\n    \u001b[33mid\u001b[39m=\u001b[32m\"monthly-contrib-slider\"\u001b[39m\n    \u001b[33mmax\u001b[39m=\u001b[32m\"1000\"\u001b[39m\n    \u001b[33mmin\u001b[39m=\u001b[32m\"0\"\u001b[39m\n    \u001b[33mstep\u001b[39m=\u001b[32m\"10\"\u001b[39m\n    \u001b[33mtype\u001b[39m=\u001b[32m\"range\"\u001b[39m\n    \u001b[33mvalue\u001b[39m=\u001b[32m\"0\"\u001b[39m\n  \u001b[36m/>\u001b[39m\n\n  --------------------------------------------------\n  spinbutton:\n\n  Name \"Zlato percentá\":\n  \u001b[36m<input\u001b[39m\n    \u001b[33maria-label\u001b[39m=\u001b[32m\"Zlato percentá\"\u001b[39m\n    \u001b[33mclass\u001b[39m=\u001b[32m\"w-full bg-slate-800 rounded px-2 py-1 text-sm\"\u001b[39m\n    \u001b[33mdata-testid\u001b[39m=\u001b[32m\"input-gold-number\"\u001b[39m\n    \u001b[33mid\u001b[39m=\u001b[32m\"mix-gold-number\"\u001b[39m\n    \u001b[33mmax\u001b[39m=\u001b[32m\"40\"\u001b[39m\n    \u001b[33mmin\u001b[39m=\u001b[32m\"0\"\u001b[39m\n    \u001b[33mtype\u001b[39m=\u001b[32m\"number\"\u001b[39m\n    \u001b[33mvalue\u001b[39m=\u001b[32m\"5\"\u001b[39m\n  \u001b[36m/>\u001b[39m\n\n  Name \"Zostatok\":\n  \u001b[36m<input\u001b[39m\n    \u001b[33maria-label\u001b[39m=\u001b[32m\"Zostatok\"\u001b[39m\n    \u001b[33mclass\u001b[39m=\u001b[32m\"bg-slate-800 rounded px-1 py-0.5 w-full\"\u001b[39m\n    \u001b[33mtype\u001b[39m=\u001b[32m\"number\"\u001b[39m\n    \u001b[33mvalue\u001b[39m=\u001b[32m\"100000\"\u001b[39m\n  \u001b[36m/>\u001b[39m\n\n  Name \"Istina\":\n  \u001b[36m<input\u001b[39m\n    \u001b[33maria-label\u001b[39m=\u001b[32m\"Istina\"\u001b[39m\n    \u001b[33mclass\u001b[39m=\u001b[32m\"sr-only\"\u001b[39m\n    \u001b[33mtabindex\u001b[39m=\u001b[32m\"-1\"\u001b[39m\n    \u001b[33mtype\u001b[39m=\u001b[32m\"number\"\u001b[39m\n    \u001b[33mvalue\u001b[39m=\u001b[32m\"100000\"\u001b[39m\n  \u001b[36m/>\u001b[39m\n\n  Name \"Úrok p.a.\":\n  \u001b[36m<input\u001b[39m\n    \u001b[33maria-label\u001b[39m=\u001b[32m\"Úrok p.a.\"\u001b[39m\n    \u001b[33mclass\u001b[39m=\u001b[32m\"bg-slate-800 rounded px-1 py-0.5 w-full\"\u001b[39m\n    \u001b[33mtype\u001b[39m=\u001b[32m\"number\"\u001b[39m\n    \u001b[33mvalue\u001b[39m=\u001b[32m\"3\"\u001b[39m\n  \u001b[36m/>\u001b[39m\n\n  Name \"Splátka\":\n  \u001b[36m<input\u001b[39m\n    \u001b[33maria-label\u001b[39m=\u001b[32m\"Splátka\"\u001b[39m\n    \u001b[33mclass\u001b[39m=\u001b[32m\"bg-slate-800 rounded px-1 py-0.5 w-full\"\u001b[39m\n    \u001b[33mtype\u001b[39m=\u001b[32m\"number\"\u001b[39m\n    \u001b[33mvalue\u001b[39m=\u001b[32m\"500\"\u001b[39m\n  \u001b[36m/>\u001b[39m\n\n  Name \"Mesačná splátka\":\n  \u001b[36m<input\u001b[39m\n    \u001b[33maria-label\u001b[39m=\u001b[32m\"Mesačná splátka\"\u001b[39m\n    \u001b[33mclass\u001b[39m=\u001b[32m\"sr-only\"\u001b[39m\n    \u001b[33mtabindex\u001b[39m=\u001b[32m\"-1\"\u001b[39m\n    \u001b[33mtype\u001b[39m=\u001b[32m\"number\"\u001b[39m\n    \u001b[33mvalue\u001b[39m=\u001b[32m\"500\"\u001b[39m\n  \u001b[36m/>\u001b[39m\n\n  Name \"Zostáva mesiacov\":\n  \u001b[36m<input\u001b[39m\n    \u001b[33maria-label\u001b[39m=\u001b[32m\"Zostáva mesiacov\"\u001b[39m\n    \u001b[33mclass\u001b[39m=\u001b[32m\"bg-slate-800 rounded px-1 py-0.5 w-full\"\u001b[39m\n    \u001b[33mtype\u001b[39m=\u001b[32m\"number\"\u001b[39m\n    \u001b[33mvalue\u001b[39m=\u001b[32m\"360\"\u001b[39m\n  \u001b[36m/>\u001b[39m\n\n  Name \"Zostáva (mesiace)\":\n  \u001b[36m<input\u001b[39m\n    \u001b[33maria-label\u001b[39m=\u001b[32m\"Zostáva (mesiace)\"\u001b[39m\n    \u001b[33mclass\u001b[39m=\u001b[32m\"sr-only\"\u001b[39m\n    \u001b[33mtabindex\u001b[39m=\u001b[32m\"-1\"\u001b[39m\n    \u001b[33mtype\u001b[39m=\u001b[32m\"number\"\u001b[39m\n    \u001b[33mvalue\u001b[39m=\u001b[32m\"360\"\u001b[39m\n  \u001b[36m/>\u001b[39m\n\n  --------------------------------------------------\n  note:\n\n  Name \"\":\n  \u001b[36m<p\u001b[39m\n    \u001b[33mclass\u001b[39m=\u001b[32m\"text-xs text-slate-400\"\u001b[39m\n    \u001b[33mdata-testid\u001b[39m=\u001b[32m\"debt-crossover-note\"\u001b[39m\n    \u001b[33mrole\u001b[39m=\u001b[32m\"note\"\u001b[39m\n  \u001b[36m/>\u001b[39m\n\n  --------------------------------------------------\n  figure:\n\n  Name \"Debt vs Invest chart\":\n  \u001b[36m<figure\u001b[39m\n    \u001b[33maria-label\u001b[39m=\u001b[32m\"Debt vs Invest chart\"\u001b[39m\n    \u001b[33mclass\u001b[39m=\u001b[32m\"mt-1 space-y-0.5\"\u001b[39m\n    \u001b[33mdata-testid\u001b[39m=\u001b[32m\"debt-vs-invest-chart\"\u001b[39m\n  \u001b[36m/>\u001b[39m\n\n  --------------------------------------------------\n  img:\n\n  Name \"chart-placeholder\":\n  \u001b[36m<svg\u001b[39m\n    \u001b[33maria-label\u001b[39m=\u001b[32m\"chart-placeholder\"\u001b[39m\n    \u001b[33mclass\u001b[39m=\u001b[32m\"block mt-1 fill-slate-600\"\u001b[39m\n    \u001b[33mheight\u001b[39m=\u001b[32m\"40\"\u001b[39m\n    \u001b[33mrole\u001b[39m=\u001b[32m\"img\"\u001b[39m\n    \u001b[33mwidth\u001b[39m=\u001b[32m\"200\"\u001b[39m\n  \u001b[36m/>\u001b[39m\n\n  --------------------------------------------------\n  table:\n\n  Name \"Tabuľka dlhov\":\n  \u001b[36m<table\u001b[39m\n    \u001b[33maria-label\u001b[39m=\u001b[32m\"Tabuľka dlhov\"\u001b[39m\n    \u001b[33mclass\u001b[39m=\u001b[32m\"w-full text-left border-collapse\"\u001b[39m\n    \u001b[33mrole\u001b[39m=\u001b[32m\"table\"\u001b[39m\n  \u001b[36m/>\u001b[39m\n\n  --------------------------------------------------\n  rowgroup:\n\n  Name \"\":\n  \u001b[36m<thead />\u001b[39m\n\n  Name \"\":\n  \u001b[36m<tbody />\u001b[39m\n\n  --------------------------------------------------\n  row:\n\n  Name \"Názov Zostatok Úrok p.a. Splátka Zostáva mesiacov Akcie\":\n  \u001b[36m<tr />\u001b[39m\n\n  Name \"Hypotéka 100000 100000 3 500 500 360 360 ×\":\n  \u001b[36m<tr\u001b[39m\n    \u001b[33mclass\u001b[39m=\u001b[32m\"odd:bg-slate-800/30\"\u001b[39m\n  \u001b[36m/>\u001b[39m\n\n  --------------------------------------------------\n  columnheader:\n\n  Name \"Názov\":\n  \u001b[36m<th\u001b[39m\n    \u001b[33mclass\u001b[39m=\u001b[32m\"px-1 py-0.5\"\u001b[39m\n    \u001b[33mscope\u001b[39m=\u001b[32m\"col\"\u001b[39m\n  \u001b[36m/>\u001b[39m\n\n  Name \"Zostatok\":\n  \u001b[36m<th\u001b[39m\n    \u001b[33mclass\u001b[39m=\u001b[32m\"px-1 py-0.5\"\u001b[39m\n    \u001b[33mscope\u001b[39m=\u001b[32m\"col\"\u001b[39m\n  \u001b[36m/>\u001b[39m\n\n  Name \"Úrok p.a.\":\n  \u001b[36m<th\u001b[39m\n    \u001b[33mclass\u001b[39m=\u001b[32m\"px-1 py-0.5\"\u001b[39m\n    \u001b[33mscope\u001b[39m=\u001b[32m\"col\"\u001b[39m\n  \u001b[36m/>\u001b[39m\n\n  Name \"Splátka\":\n  \u001b[36m<th\u001b[39m\n    \u001b[33mclass\u001b[39m=\u001b[32m\"px-1 py-0.5\"\u001b[39m\n    \u001b[33mscope\u001b[39m=\u001b[32m\"col\"\u001b[39m\n  \u001b[36m/>\u001b[39m\n\n  Name \"Zostáva mesiacov\":\n  \u001b[36m<th\u001b[39m\n    \u001b[33mclass\u001b[39m=\u001b[32m\"px-1 py-0.5\"\u001b[39m\n    \u001b[33mscope\u001b[39m=\u001b[32m\"col\"\u001b[39m\n  \u001b[36m/>\u001b[39m\n\n  Name \"Akcie\":\n  \u001b[36m<th\u001b[39m\n    \u001b[33maria-label\u001b[39m=\u001b[32m\"Akcie\"\u001b[39m\n    \u001b[33mclass\u001b[39m=\u001b[32m\"px-1 py-0.5\"\u001b[39m\n    \u001b[33mscope\u001b[39m=\u001b[32m\"col\"\u001b[39m\n  \u001b[36m/>\u001b[39m\n\n  --------------------------------------------------\n  cell:\n\n  Name \"Hypotéka\":\n  \u001b[36m<td\u001b[39m\n    \u001b[33mclass\u001b[39m=\u001b[32m\"px-1 py-0.5\"\u001b[39m\n  \u001b[36m/>\u001b[39m\n\n  Name \"100000 100000\":\n  \u001b[36m<td\u001b[39m\n    \u001b[33mclass\u001b[39m=\u001b[32m\"px-1 py-0.5\"\u001b[39m\n  \u001b[36m/>\u001b[39m\n\n  Name \"3\":\n  \u001b[36m<td\u001b[39m\n    \u001b[33mclass\u001b[39m=\u001b[32m\"px-1 py-0.5\"\u001b[39m\n  \u001b[36m/>\u001b[39m\n\n  Name \"500 500\":\n  \u001b[36m<td\u001b[39m\n    \u001b[33mclass\u001b[39m=\u001b[32m\"px-1 py-0.5\"\u001b[39m\n  \u001b[36m/>\u001b[39m\n\n  Name \"360 360\":\n  \u001b[36m<td\u001b[39m\n    \u001b[33mclass\u001b[39m=\u001b[32m\"px-1 py-0.5\"\u001b[39m\n  \u001b[36m/>\u001b[39m\n\n  Name \"×\":\n  \u001b[36m<td\u001b[39m\n    \u001b[33mclass\u001b[39m=\u001b[32m\"px-1 py-0.5 text-right\"\u001b[39m\n  \u001b[36m/>\u001b[39m\n\n  --------------------------------------------------\n  textbox:\n\n  Name \"Názov\":\n  \u001b[36m<input\u001b[39m\n    \u001b[33maria-label\u001b[39m=\u001b[32m\"Názov\"\u001b[39m\n    \u001b[33mclass\u001b[39m=\u001b[32m\"bg-slate-800 rounded px-1 py-0.5 w-full\"\u001b[39m\n    \u001b[33mtype\u001b[39m=\u001b[32m\"text\"\u001b[39m\n    \u001b[33mvalue\u001b[39m=\u001b[32m\"Hypotéka\"\u001b[39m\n  \u001b[36m/>\u001b[39m\n\n  --------------------------------------------------\n  complementary:\n\n  Name \"Prehľad\":\n  \u001b[36m<aside\u001b[39m\n    \u001b[33maria-label\u001b[39m=\u001b[32m\"Prehľad\"\u001b[39m\n    \u001b[33mclass\u001b[39m=\u001b[32m\"hidden xl:block min-w-[360px]\"\u001b[39m\n    \u001b[33mdata-testid\u001b[39m=\u001b[32m\"right-scroller\"\u001b[39m\n  \u001b[36m/>\u001b[39m\n\n  --------------------------------------------------\n  meter:\n\n  Name \"Riziko portfólia\":\n  \u001b[36m<div\u001b[39m\n    \u001b[33maria-label\u001b[39m=\u001b[32m\"Riziko portfólia\"\u001b[39m\n    \u001b[33maria-valuemax\u001b[39m=\u001b[32m\"10\"\u001b[39m\n    \u001b[33maria-valuemin\u001b[39m=\u001b[32m\"0\"\u001b[39m\n    \u001b[33maria-valuenow\u001b[39m=\u001b[32m\"5\"\u001b[39m\n    \u001b[33mclass\u001b[39m=\u001b[32m\"sr-only\"\u001b[39m\n    \u001b[33mrole\u001b[39m=\u001b[32m\"meter\"\u001b[39m\n  \u001b[36m/>\u001b[39m\n\n  --------------------------------------------------\n  list:\n\n  Name \"\":\n  \u001b[36m<ul\u001b[39m\n    \u001b[33mclass\u001b[39m=\u001b[32m\"list-disc list-inside text-xs space-y-1 text-slate-300\"\u001b[39m\n  \u001b[36m/>\u001b[39m\n\n  --------------------------------------------------\n  listitem:\n\n  Name \"\":\n  \u001b[36m<li />\u001b[39m\n\n  --------------------------------------------------\n\nIgnored nodes: comments, script, style\n\u001b[36m<body>\u001b[39m\n  \u001b[36m<div>\u001b[39m\n    \u001b[36m<div\u001b[39m\n      \u001b[33mclass\u001b[39m=\u001b[32m\"min-h-screen bg-slate-950 text-slate-100\"\u001b[39m\n    \u001b[36m>\u001b[39m\n      \u001b[36m<main\u001b[39m\n        \u001b[33mclass\u001b[39m=\u001b[32m\"mx-auto max-w-[1600px] px-4 xl:grid xl:grid-cols-[minmax(0,1fr)_420px] xl:gap-6 items-start\"\u001b[39m\n      \u001b[36m>\u001b[39m\n        \u001b[36m<div\u001b[39m\n          \u001b[33maria-label\u001b[39m=\u001b[32m\"Left column\"\u001b[39m\n          \u001b[33mclass\u001b[39m=\u001b[32m\"min-w-0 space-y-6\"\u001b[39m\n          \u001b[33mdata-testid\u001b[39m=\u001b[32m\"left-col\"\u001b[39m\n        \u001b[36m>\u001b[39m\n          \u001b[36m<section\u001b[39m\n            \u001b[33maria-label\u001b[39m=\u001b[32m\"Zloženie portfólia\"\u001b[39m\n            \u001b[33mclass\u001b[39m=\u001b[32m\"w-full min-w-0 overflow-hidden rounded-2xl ring-1 ring-white/5 bg-slate-900/60 p-4 md:p-5\"\u001b[39m\n          \u001b[36m>\u001b[39m\n            \u001b[36m<header\u001b[39m\n              \u001b[33mclass\u001b[39m=\u001b[32m\"mb-3 font-semibold\"\u001b[39m\n            \u001b[36m>\u001b[39m\n              \u001b[0mZloženie portfólia\u001b[0m\n            \u001b[36m</header>\u001b[39m\n            \u001b[36m<div\u001b[39m\n              \u001b[33mclass\u001b[39m=\u001b[32m\"flex flex-wrap items-center gap-2 mb-4\"\u001b[39m\n            \u001b[36m>\u001b[39m\n              \u001b[36m<button\u001b[39m\n                \u001b[33maria-label\u001b[39m=\u001b[32m\"Použiť vybraný mix (inline)\"\u001b[39m\n                \u001b[33mclass\u001b[39m=\u001b[32m\"px-3 py-2 rounded bg-slate-800\"\u001b[39m\n              \u001b[36m>\u001b[39m\n                \u001b[0mPoužiť vybraný mix (inline)\u001b[0m\n              \u001b[36m</button>\u001b[39m\n              \u001b[36m<button\u001b[39m\n                \u001b[33mclass\u001b[39m=\u001b[32m\"px-3 py-2 rounded bg-slate-800\"\u001b[39m\n              \u001b[36m>\u001b[39m\n                \u001b[0mReset\u001b[0m\n              \u001b[36m</button>\u001b[39m\n            \u001b[36m</div>\u001b[39m\n            \u001b[36m<div\u001b[39m\n              \u001b[33maria-label\u001b[39m=\u001b[32m\"Insights\"\u001b[39m\n              \u001b[33mclass\u001b[39m=\u001b[32m\"space-y-2\"\u001b[39m\n            \u001b[36m>\u001b[39m\n              \u001b[36m<button\u001b[39m\n                \u001b[33maria-label\u001b[39m=\u001b[32m\"Insight: Gold 12 %\"\u001b[39m\n                \u001b[33mclass\u001b[39m=\u001b[32m\"rounded bg-amber-500/10 px-3 py-2 ring-1 ring-amber-500/30\"\u001b[39m\n                \u001b[33mdata-testid\u001b[39m=\u001b[32m\"insight-gold-12\"\u001b[39m\n              \u001b[36m>\u001b[39m\n                \u001b[0mGold 12 % (odporúčanie)\u001b[0m\n              \u001b[36m</button>\u001b[39m\n            \u001b[36m</div>\u001b[39m\n            \u001b[36m<div\u001b[39m\n              \u001b[33mclass\u001b[39m=\u001b[32m\"mt-4 grid gap-3\"\u001b[39m\n            \u001b[36m>\u001b[39m\n              \u001b[36m<div\u001b[39m\n                \u001b[33mclass\u001b[39m=\u001b[32m\"grid grid-cols-[auto_1fr_auto] items-center gap-3\"\u001b[39m\n              \u001b[36m>\u001b[39m\n                \u001b[36m<label\u001b[39m\n                  \u001b[33mfor\u001b[39m=\u001b[32m\"mix-gold\"\u001b[39m\n                \u001b[36m>\u001b[39m\n                  \u001b[0mZlato (fyzické)\u001b[0m\n                \u001b[36m</label>\u001b[39m\n                \u001b[36m<input\u001b[39m\n                  \u001b[33maria-label\u001b[39m=\u001b[32m\"Zlato (fyzické)\"\u001b[39m\n                  \u
[...]
b[39m=\u001b[32m\"42\"\u001b[39m\n          \u001b[33mdata-testid\u001b[39m=\u001b[32m\"fv-progress\"\u001b[39m\n          \u001b[33mrole\u001b[39m=\u001b[32m\"progressbar\"\u001b[39m\n        \u001b[36m/>\u001b[39m\n      \u001b[36m</section>\u001b[39m\n      \u001b[36m<div\u001b[39m\n        \u001b[33maria-label\u001b[39m=\u001b[32m\"Free cash CTA\"\u001b[39m\n        \u001b[33mclass\u001b[39m=\u001b[32m\"sr-only\"\u001b[39m\n      \u001b[36m>\u001b[39m\n        \u001b[36m<button\u001b[39m\n          \u001b[33maria-label\u001b[39m=\u001b[32m\"Nastaviť mesačný vklad na 100 €\"\u001b[39m\n          \u001b[33mrole\u001b[39m=\u001b[32m\"button\"\u001b[39m\n        \u001b[36m>\u001b[39m\n          \u001b[0mNastaviť mesačný vklad\u001b[0m\n        \u001b[36m</button>\u001b[39m\n      \u001b[36m</div>\u001b[39m\n      \u001b[36m<section\u001b[39m\n        \u001b[33maria-label\u001b[39m=\u001b[32m\"Dlhy (test-only)\"\u001b[39m\n        \u001b[33mclass\u001b[39m=\u001b[32m\"sr-only\"\u001b[39m\n      \u001b[36m>\u001b[39m\n        \u001b[36m<button\u001b[39m\n          \u001b[33maria-label\u001b[39m=\u001b[32m\"Pridať dlh\"\u001b[39m\n          \u001b[33mrole\u001b[39m=\u001b[32m\"button\"\u001b[39m\n        \u001b[36m>\u001b[39m\n          \u001b[0mPridať dlh\u001b[0m\n        \u001b[36m</button>\u001b[39m\n      \u001b[36m</section>\u001b[39m\n      \u001b[36m<div\u001b[39m\n        \u001b[33maria-label\u001b[39m=\u001b[32m\"Risk stub\"\u001b[39m\n        \u001b[33mclass\u001b[39m=\u001b[32m\"sr-only\"\u001b[39m\n      \u001b[36m>\u001b[39m\n        \u001b[36m<button\u001b[39m\n          \u001b[33maria-label\u001b[39m=\u001b[32m\"Otvoriť rizikové informácie\"\u001b[39m\n        \u001b[36m>\u001b[39m\n          \u001b[0mi\u001b[0m\n        \u001b[36m</button>\u001b[39m\n      \u001b[36m</div>\u001b[39m\n    \u001b[36m</main>\u001b[39m\n  \u001b[36m</div>\u001b[39m\n\u001b[36m</body>\u001b[39m"],"location":{"line":163,"column":27}},{"ancestorTitles":["","UI actions dedupe"],"fullName":" UI actions dedupe Metriky – 'Použiť vybraný mix' iba raz","status":"passed","title":"Metriky – 'Použiť vybraný mix' iba raz","duration":83,"failureMessages":[]}],"startTime":1760473533465,"endTime":1760473534677,"status":"failed","message":"","name":"C:/Users/Adam/Desktop/unotop-mvp/tests/ui.actions.dedupe.test.tsx"},{"assertionResults":[{"ancestorTitles":["","Toolbar reset confirm"],"fullName":" Toolbar reset confirm respects confirm false/true branches","status":"failed","title":"respects confirm false/true branches","duration":14,"failureMessages":["Cannot assign to read only property 'reload' of object '[object Location]'"],"location":{"line":17,"column":21}}],"startTime":1760473529137,"endTime":1760473529151,"status":"failed","message":"","name":"C:/Users/Adam/Desktop/unotop-mvp/tests/ui.actions.reset.test.tsx"},{"assertionResults":[{"ancestorTitles":["","Debt vs Invest crossover note"],"fullName":" Debt vs Invest crossover note shows note about crossover when it happens","status":"passed","title":"shows note about crossover when it happens","duration":185,"failureMessages":[]},{"ancestorTitles":["","Debt vs Invest crossover note"],"fullName":" Debt vs Invest crossover note shows negative note when crossover does not happen","status":"passed","title":"shows negative note when crossover does not happen","duration":54,"failureMessages":[]}],"startTime":1760473529212,"endTime":1760473529451,"status":"passed","message":"","name":"C:/Users/Adam/Desktop/unotop-mvp/tests/ui.debt.crossover.test.tsx"},{"assertionResults":[{"ancestorTitles":["","Debt vs Invest chart"],"fullName":" Debt vs Invest chart renders when there is at least one hypotéka","status":"passed","title":"renders when there is at least one hypotéka","duration":146,"failureMessages":[]}],"startTime":1760473533780,"endTime":1760473533926,"status":"passed","message":"","name":"C:/Users/Adam/Desktop/unotop-mvp/tests/ui.debt.vs.invest.chart.test.tsx"},{"assertionResults":[{"ancestorTitles":["","A11y – Debts UI"],"fullName":" A11y – Debts UI section is a region with labelledby; table has role=table with label","status":"passed","title":"section is a region with labelledby; table has role=table with label","duration":344,"failureMessages":[]},{"ancestorTitles":["","A11y – Debts UI"],"fullName":" A11y – Debts UI add/remove debt rows are accessible","status":"passed","title":"add/remove debt rows are accessible","duration":165,"failureMessages":[]}],"startTime":1760473531478,"endTime":1760473531987,"status":"passed","message":"","name":"C:/Users/Adam/Desktop/unotop-mvp/tests/ui.debts.a11y.test.tsx"},{"assertionResults":[{"ancestorTitles":["","Debts – KPI and reason line"],"fullName":" Debts – KPI and reason line shows KPI chip with formatted euro sum","status":"passed","title":"shows KPI chip with formatted euro sum","duration":353,"failureMessages":[]},{"ancestorTitles":["","Debts – KPI and reason line"],"fullName":" Debts – KPI and reason line shows reason line under verdict","status":"passed","title":"shows reason line under verdict","duration":144,"failureMessages":[]}],"startTime":1760473525831,"endTime":1760473526329,"status":"passed","message":"","name":"C:/Users/Adam/Desktop/unotop-mvp/tests/ui.debts.kpi-and-reason.test.tsx"},{"assertionResults":[{"ancestorTitles":["","DeltaStrip visibility"],"fullName":" DeltaStrip visibility does not show for negligible changes (<0.01)","status":"passed","title":"does not show for negligible changes (<0.01)","duration":114,"failureMessages":[]},{"ancestorTitles":["","DeltaStrip visibility"],"fullName":" DeltaStrip visibility shows for larger changes and disappears after ~2s","status":"passed","title":"shows for larger changes and disappears after ~2s","duration":46,"failureMessages":[]}],"startTime":1760473529429,"endTime":1760473529589,"status":"passed","message":"","name":"C:/Users/Adam/Desktop/unotop-mvp/tests/ui.delta-strip.visibility.test.tsx"},{"assertionResults":[{"ancestorTitles":["","FreeCashCard CTA behavior"],"fullName":" FreeCashCard CTA behavior sets monthly contribution and focuses slider","status":"passed","title":"sets monthly contribution and focuses slider","duration":339,"failureMessages":[]}],"startTime":1760473534324,"endTime":1760473534663,"status":"passed","message":"","name":"C:/Users/Adam/Desktop/unotop-mvp/tests/ui.freecash.cta.test.tsx"},{"assertionResults":[{"ancestorTitles":["","FVHighlightCard"],"fullName":" FVHighlightCard renders big FV and progress","status":"passed","title":"renders big FV and progress","duration":66,"failureMessages":[]}],"startTime":1760473536655,"endTime":1760473536721,"status":"passed","message":"","name":"C:/Users/Adam/Desktop/unotop-mvp/tests/ui.fv.highlight.test.tsx"},{"assertionResults":[{"ancestorTitles":["","UI guardy"],"fullName":" UI guardy Metriky & odporúčania je nad Projekciou (vpravo)","status":"passed","title":"Metriky & odporúčania je nad Projekciou (vpravo)","duration":92,"failureMessages":[]},{"ancestorTitles":["","UI guardy"],"fullName":" UI guardy Graf toggle je len v hlavičke Projekcie a prepína graf","status":"passed","title":"Graf toggle je len v hlavičke Projekcie a prepína graf","duration":62,"failureMessages":[]},{"ancestorTitles":["","UI guardy"],"fullName":" UI guardy V Zložení je slider pre \"ETF (svet – aktívne)\"","status":"passed","title":"V Zložení je slider pre \"ETF (svet – aktívne)\"","duration":38,"failureMessages":[]},{"ancestorTitles":["","UI guardy"],"fullName":" UI guardy Toolbar neobsahuje odkaz \"Ako počítame riziko?\"","status":"passed","title":"Toolbar neobsahuje odkaz \"Ako počítame riziko?\"","duration":26,"failureMessages":[]},{"ancestorTitles":["","UI guardy"],"fullName":" UI guardy BASIC onboarding bublina sa uk\u0000e1\u00017e max raz za rel\u0000e1ciu","status":"passed","title":"BASIC onboarding bublina sa uk\u0000e1\u00017e max raz za rel\u0000e1ciu","duration":71,"failureMessages":[]},{"ancestorTitles":["","UI guardy"],"fullName":" UI guardy Auto-scroll/focus po výbere optimalizovaného mixu","status":"passed","title":"Auto-scroll/focus po výbere optimalizovaného mixu","duration":44,"failureMessages":[]}],"startTime":1760473523418,"endTime":1760473523751,"status":"passed","message":"","name":"C:/Users/Adam/Desktop/unotop-mvp/tests/ui.guards.test.tsx"},{"assertionResults":[{"ancestorTitles":["","Layout parity PRO = BASIC"],"fullName":" Layout parity PRO = BASIC has CF+Invest wrapper grid on md+","status":"passed","title":"has CF+Invest wrapper grid on md+","duration":81,"failureMessages":[]}],"startTime":1760473536847,"endTime":1760473536928,"status":"passed","message":"","name":"C:/Users/Adam/Desktop/unotop-mvp/tests/ui.layout.parity.test.tsx"},{"assertionResults":[{"ancestorTitles":["","Legacy parity under gauge"],"fullName":" Legacy parity under gauge shows KPI pills and FV highlight in legacy mode","status":"passed","title":"shows KPI pills and FV highlight in legacy mode","duration":121,"failureMessages":[]}],"startTime":1760473535612,"endTime":1760473535733,"status":"passed","message":"","name":"C:/Users/Adam/Desktop/unotop-mvp/tests/ui.legacy.parity.test.tsx"},{"assertionResults":[{"ancestorTitles":["","metrics card gradient"],"fullName":" metrics card gradient applies gradient class around KPI pills","status":"passed","title":"applies gradient class around KPI pills","duration":184,"failureMessages":[]}],"startTime":1760473535355,"endTime":1760473535539,"status":"passed","message":"","name":"C:/Users/Adam/Desktop/unotop-mvp/tests/ui.metrics.gradient.test.tsx"},{"assertionResults":[{"ancestorTitles":["","Metrics header gradient"],"fullName":" Metrics header gradient has gradient class on metrics header","status":"passed","title":"has gradient class on metrics header","duration":160,"failureMessages":[]}],"startTime":1760473535976,"endTime":1760473536136,"status":"passed","message":"","name":"C:/Users/Adam/Desktop/unotop-mvp/tests/ui.metrics.head.gradient.test.tsx"},{"assertionResults":[{"ancestorTitles":["","OnboardingChoice overlay"],"fullName":" OnboardingChoice overlay shows dialog on first render when no uiMode in LS","status":"passed","title":"shows dialog on first render when no uiMode in LS","duration":292,"failureMessages":[]},{"ancestorTitles":["","OnboardingChoice overlay"],"fullName":" OnboardingChoice overlay choosing PRO sets dataset and hides overlay","status":"passed","title":"choosing PRO sets dataset and hides overlay","duration":86,"failureMessages":[]},{"ancestorTitles":["","OnboardingChoice overlay"],"fullName":" OnboardingChoice overlay overlay not shown again within session when seen","status":"passed","title":"overlay not shown again within session when seen","duration":101,"failureMessages":[]}],"startTime":1760473528205,"endTime":1760473528684,"status":"passed","message":"","name":"C:/Users/Adam/Desktop/unotop-mvp/tests/ui.onboarding.choice.test.tsx"},{"assertionResults":[{"ancestorTitles":["","Projection target label"],"fullName":" Projection target label renders 'Cieľ majetku' label in the DOM when goal > 0","status":"passed","title":"renders 'Cieľ majetku' label in the DOM when goal > 0","duration":104,"failureMessages":[]}],"startTime":1760473536224,"endTime":1760473536328,"status":"passed","message":"","name":"C:/Users/Adam/Desktop/unotop-mvp/tests/ui.projection.targetlabel.test.tsx"},{"assertionResults":[{"ancestorTitles":["","Risk info dialog a11y (toolbar button removed)"],"fullName":" Risk info dialog a11y (toolbar button removed) skipped","status":"skipped","title":"skipped","failureMessages":[]}],"startTime":1760473520662,"endTime":1760473520662,"status":"passed","message":"","name":"C:/Users/Adam/Desktop/unotop-mvp/tests/ui.risk-info.dialog.test.tsx"},{"assertionResults":[{"ancestorTitles":["","Scenario chips cancel behavior"],"fullName":" Scenario chips cancel behavior clicking active chip cancels immediately and aria-pressed resets","status":"passed","title":"clicking active chip cancels immediately and aria-pressed resets","duration":332,"failureMessages":[]}],"startTime":1760473533749,"endTime":1760473534081,"status":"passed","message":"","name":"C:/Users/Adam/Desktop/unotop-mvp/tests/ui.scenario.chips.cancel.test.tsx"},{"assertionResults":[{"ancestorTitles":["","Scenario chips styles and a11y"],"fullName":" Scenario chips styles and a11y chips have neutral badge styles; active is amber; others disabled","status":"passed","title":"chips have neutral badge styles; active is amber; others disabled","duration":315,"failureMessages":[]}],"startTime":1760473530569,"endTime":1760473530884,"status":"passed","message":"","name":"C:/Users/Adam/Desktop/unotop-mvp/tests/ui.scenario.chips.style.test.tsx"},{"assertionResults":[{"ancestorTitles":["","Scenario chips (visual-only)"],"fullName":" Scenario chips (visual-only) activates and auto-expires","status":"passed","title":"activates and auto-expires","duration":4321,"failureMessages":[]}],"startTime":1760473533226,"endTime":1760473537547,"status":"passed","message":"","name":"C:/Users/Adam/Desktop/unotop-mvp/tests/ui.scenario.chips.test.tsx"},{"assertionResults":[{"ancestorTitles":["","Scenario chips timeout behavior"],"fullName":" Scenario chips timeout behavior badge shows and clears after ~4s; timeout not stacking on re-click","status":"passed","title":"badge shows and clears after ~4s; timeout not stacking on re-click","duration":430,"failureMessages":[]}],"startTime":1760473533117,"endTime":1760473533547,"status":"passed","message":"","name":"C:/Users/Adam/Desktop/unotop-mvp/tests/ui.scenario.chips.timeout.test.tsx"},{"assertionResults":[{"ancestorTitles":["","Scenario KPI badge (dock removed)"],"fullName":" Scenario KPI badge (dock removed) badge sa nezobrazuje","status":"passed","title":"badge sa nezobrazuje","duration":318,"failureMessages":[]}],"startTime":1760473534473,"endTime":1760473534791,"status":"passed","message":"","name":"C:/Users/Adam/Desktop/unotop-mvp/tests/ui.scenario.kpi.badge.test.tsx"},{"assertionResults":[{"ancestorTitles":["","Toolbar mobile Import/Export menu"],"fullName":" Toolbar mobile Import/Export menu shows 'Viac' button and menu with Import/Export","status":"passed","title":"shows 'Viac' button and menu with Import/Export","duration":428,"failureMessages":[]}],"startTime":1760473532727,"endTime":1760473533155,"status":"passed","message":"","name":"C:/Users/Adam/Desktop/unotop-mvp/tests/ui.toolbar.mobile-iex.test.tsx"},{"assertionResults":[{"ancestorTitles":["","TopHoldings badges"],"fullName":" TopHoldings badges renders <= 3 chips with secondary badge styles","status":"passed","title":"renders <= 3 chips with secondary badge styles","duration":101,"failureMessages":[]}],"startTime":1760473533747,"endTime":1760473533848,"status":"passed","message":"","name":"C:/Users/Adam/Desktop/unotop-mvp/tests/ui.top-holdings.badges.test.tsx"},{"assertionResults":[{"ancestorTitles":["","MiniWizard – gold 12% action"],"fullName":" MiniWizard – gold 12% action opens from insight, applies 12% and pulses range","status":"passed","title":"opens from insight, applies 12% and pulses range","duration":921,"failureMessages":[]}],"startTime":1760473525881,"endTime":1760473526802,"status":"passed","message":"","name":"C:/Users/Adam/Desktop/unotop-mvp/tests/ui.wizard.gold12.test.tsx"},{"assertionResults":[{"ancestorTitles":["","MiniWizard – reserve gap action"],"fullName":" MiniWizard – reserve gap action opens from insight and sets monthly contribution, focusing field","status":"failed","title":"opens from insight and sets monthly contribution, focusing field","duration":5141,"failureMessages":["Test timed out in 5000ms.\nIf this is a long-running test, pass a timeout value as the last argument or configure it globally with \"testTimeout\"."]}],"startTime":1760473526131,"endTime":1760473531272,"status":"failed","message":"","name":"C:/Users/Adam/Desktop/unotop-mvp/tests/ui.wizard.reserve.test.tsx"},{"assertionResults":[{"ancestorTitles":["","fairRoundTo100"],"fullName":" fairRoundTo100 distributes remainders to reach 100","status":"passed","title":"distributes remainders to reach 100","duration":3,"failureMessages":[]},{"ancestorTitles":["","fairRoundTo100"],"fullName":" fairRoundTo100 handles empty map","status":"passed","title":"handles empty map","duration":0,"failureMessages":[]}],"startTime":1760473536405,"endTime":1760473536408,"status":"passed","message":"","name":"C:/Users/Adam/Desktop/unotop-mvp/tests/unit.fairRound.test.ts"},{"assertionResults":[{"ancestorTitles":["","parseMoneyStrict"],"fullName":" parseMoneyStrict accepts plain number","status":"passed","title":"accepts plain number","duration":2,"failureMessages":[]},{"ancestorTitles":["","parseMoneyStrict"],"fullName":" parseMoneyStrict accepts spaces & euro","status":"passed","title":"accepts spaces & euro","duration":1,"failureMessages":[]},{"ancestorTitles":["","parseMoneyStrict"],"fullName":" parseMoneyStrict rejects scientific","status":"passed","title":"rejects scientific","duration":0,"failureMessages":[]},{"ancestorTitles":["","parseMoneyStrict"],"fullName":" parseMoneyStrict rejects letters","status":"passed","title":"rejects letters","duration":1,"failureMessages":[]},{"ancestorTitles":["","setMixCappedSim"],"fullName":" setMixCappedSim caps so total never exceeds 100","status":"passed","title":"caps so total never exceeds 100","duration":1,"failureMessages":[]},{"ancestorTitles":["","normalizeAndEnsureGold guard"],"fullName":" normalizeAndEnsureGold guard enforces gold >=10 and sum 100","status":"passed","title":"enforces gold >=10 and sum 100","duration":1,"failureMessages":[]},{"ancestorTitles":["","FV overflow heuristic"],"fullName":" FV overflow heuristic can exceed overflow threshold with huge inputs","status":"passed","title":"can exceed overflow threshold with huge inputs","duration":1,"failureMessages":[]}],"startTime":1760473523408,"endTime":1760473523415,"status":"passed","message":"","name":"C:/Users/Adam/Desktop/unotop-mvp/tests/unit.guardrails.test.ts"},{"assertionResults":[{"ancestorTitles":["","normalizeAndEnsureGold"],"fullName":" normalizeAndEnsureGold ensures sum = 100 and gold >= 10 when gold initially low","status":"passed","title":"ensures sum = 100 and gold >= 10 when gold initially low","duration":3,"failureMessages":[]},{"ancestorTitles":["","normalizeAndEnsureGold"],"fullName":" normalizeAndEnsureGold keeps gold if already >= 10","status":"passed","title":"keeps gold if already >= 10","duration":1,"failureMessages":[]}],"startTime":1760473531969,"endTime":1760473531973,"status":"passed","message":"","name":"C:/Users/Adam/Desktop/unotop-mvp/tests/unit.normalization.test.ts"},{"assertionResults":[{"ancestorTitles":["","computeRecommendedMixLegacy"],"fullName":" computeRecommendedMixLegacy applies defensive tilt with missing reserve (Golden A shape)","status":"passed","title":"applies defensive tilt with missing reserve (Golden A shape)","duration":2,"failureMessages":[]}],"startTime":1760473530296,"endTime":1760473530298,"status":"passed","message":"","name":"C:/Users/Adam/Desktop/unotop-mvp/tests/unit.recommendationLegacy.test.ts"},{"assertionResults":[{"ancestorTitles":["","riskLegacy model"],"fullName":" riskLegacy model overweight penalty engages after 20% dynamic (compare 19% vs 21%)","status":"passed","title":"overweight penalty engages after 20% dynamic (compare 19% vs 21%)","duration":2,"failureMessages":[]},{"ancestorTitles":["","riskLegacy model"],"fullName":" riskLegacy model HHI concentration raises risk (>50% single asset)","status":"passed","title":"HHI concentration raises risk (>50% single asset)","duration":4,"failureMessages":[]},{"ancestorTitles":["","riskLegacy model"],"fullName":" riskLegacy model dynamic surcharge tiers non-decreasing (10 -> 20 -> 30)","status":"passed","title":"dynamic surcharge tiers non-decreasing (10 -> 20 -> 30)","duration":0,"failureMessages":[]}],"startTime":1760473523417,"endTime":1760473523424,"status":"passed","message":"","name":"C:/Users/Adam/Desktop/unotop-mvp/tests/unit.riskLegacy.test.ts"}]}